{"C:\\Work Projects\\Ulbi\\production-project\\config\\jest\\jestEmptyComponent.tsx": {"path":"C:\\Work Projects\\Ulbi\\production-project\\config\\jest\\jestEmptyComponent.tsx","statementMap":{"0":{"start":{"line":3,"column":27},"end":{"line":5,"column":1}},"1":{"start":{"line":4,"column":2},"end":{"line":4,"column":17}}},"fnMap":{"0":{"name":"(anonymous_0)","decl":{"start":{"line":3,"column":27},"end":{"line":3,"column":28}},"loc":{"start":{"line":3,"column":39},"end":{"line":5,"column":1}},"line":3}},"branchMap":{},"s":{"0":5,"1":8},"f":{"0":8},"b":{},"_coverageSchema":"1a1c01bbd47fc00a2c39e90264f33305004495a9","hash":"b070b985f9cfc97074ae92fa215a9a208fa4e550"}
,"C:\\Work Projects\\Ulbi\\production-project\\src\\app\\providers\\StoreProvider\\index.ts": {"path":"C:\\Work Projects\\Ulbi\\production-project\\src\\app\\providers\\StoreProvider\\index.ts","statementMap":{},"fnMap":{},"branchMap":{},"s":{},"f":{},"b":{},"_coverageSchema":"1a1c01bbd47fc00a2c39e90264f33305004495a9","hash":"fc011a0fc071bc9c9a8cd7c5c2f7738b6b9641bd"}
,"C:\\Work Projects\\Ulbi\\production-project\\src\\app\\providers\\StoreProvider\\config\\reducerManager.ts": {"path":"C:\\Work Projects\\Ulbi\\production-project\\src\\app\\providers\\StoreProvider\\config\\reducerManager.ts","statementMap":{"0":{"start":{"line":9,"column":19},"end":{"line":9,"column":41}},"1":{"start":{"line":11,"column":24},"end":{"line":11,"column":49}},"2":{"start":{"line":13,"column":39},"end":{"line":13,"column":41}},"3":{"start":{"line":15,"column":2},"end":{"line":47,"column":4}},"4":{"start":{"line":16,"column":25},"end":{"line":16,"column":33}},"5":{"start":{"line":19,"column":6},"end":{"line":25,"column":7}},"6":{"start":{"line":20,"column":8},"end":{"line":20,"column":29}},"7":{"start":{"line":21,"column":8},"end":{"line":23,"column":11}},"8":{"start":{"line":22,"column":10},"end":{"line":22,"column":28}},"9":{"start":{"line":24,"column":8},"end":{"line":24,"column":26}},"10":{"start":{"line":26,"column":6},"end":{"line":26,"column":44}},"11":{"start":{"line":30,"column":6},"end":{"line":32,"column":7}},"12":{"start":{"line":31,"column":8},"end":{"line":31,"column":15}},"13":{"start":{"line":34,"column":6},"end":{"line":34,"column":30}},"14":{"start":{"line":35,"column":6},"end":{"line":35,"column":50}},"15":{"start":{"line":39,"column":6},"end":{"line":41,"column":7}},"16":{"start":{"line":40,"column":8},"end":{"line":40,"column":15}},"17":{"start":{"line":43,"column":6},"end":{"line":43,"column":27}},"18":{"start":{"line":44,"column":6},"end":{"line":44,"column":29}},"19":{"start":{"line":45,"column":6},"end":{"line":45,"column":50}}},"fnMap":{"0":{"name":"createReducerManager","decl":{"start":{"line":8,"column":16},"end":{"line":8,"column":36}},"loc":{"start":{"line":8,"column":102},"end":{"line":48,"column":1}},"line":8},"1":{"name":"(anonymous_1)","decl":{"start":{"line":16,"column":19},"end":{"line":16,"column":20}},"loc":{"start":{"line":16,"column":25},"end":{"line":16,"column":33}},"line":16},"2":{"name":"(anonymous_2)","decl":{"start":{"line":18,"column":12},"end":{"line":18,"column":13}},"loc":{"start":{"line":18,"column":55},"end":{"line":27,"column":5}},"line":18},"3":{"name":"(anonymous_3)","decl":{"start":{"line":21,"column":29},"end":{"line":21,"column":30}},"loc":{"start":{"line":21,"column":38},"end":{"line":23,"column":9}},"line":21},"4":{"name":"(anonymous_4)","decl":{"start":{"line":29,"column":9},"end":{"line":29,"column":10}},"loc":{"start":{"line":29,"column":52},"end":{"line":36,"column":5}},"line":29},"5":{"name":"(anonymous_5)","decl":{"start":{"line":38,"column":12},"end":{"line":38,"column":13}},"loc":{"start":{"line":38,"column":37},"end":{"line":46,"column":5}},"line":38}},"branchMap":{"0":{"loc":{"start":{"line":19,"column":6},"end":{"line":25,"column":7}},"type":"if","locations":[{"start":{"line":19,"column":6},"end":{"line":25,"column":7}},{"start":{},"end":{}}],"line":19},"1":{"loc":{"start":{"line":30,"column":6},"end":{"line":32,"column":7}},"type":"if","locations":[{"start":{"line":30,"column":6},"end":{"line":32,"column":7}},{"start":{},"end":{}}],"line":30},"2":{"loc":{"start":{"line":30,"column":10},"end":{"line":30,"column":31}},"type":"binary-expr","locations":[{"start":{"line":30,"column":10},"end":{"line":30,"column":14}},{"start":{"line":30,"column":18},"end":{"line":30,"column":31}}],"line":30},"3":{"loc":{"start":{"line":39,"column":6},"end":{"line":41,"column":7}},"type":"if","locations":[{"start":{"line":39,"column":6},"end":{"line":41,"column":7}},{"start":{},"end":{}}],"line":39},"4":{"loc":{"start":{"line":39,"column":10},"end":{"line":39,"column":32}},"type":"binary-expr","locations":[{"start":{"line":39,"column":10},"end":{"line":39,"column":14}},{"start":{"line":39,"column":18},"end":{"line":39,"column":32}}],"line":39}},"s":{"0":12,"1":12,"2":12,"3":12,"4":5,"5":51,"6":5,"7":5,"8":5,"9":5,"10":51,"11":1,"12":0,"13":1,"14":1,"15":5,"16":0,"17":5,"18":5,"19":5},"f":{"0":12,"1":5,"2":51,"3":5,"4":1,"5":5},"b":{"0":[5,46],"1":[0,1],"2":[1,1],"3":[0,5],"4":[5,5]},"_coverageSchema":"1a1c01bbd47fc00a2c39e90264f33305004495a9","hash":"8cdc885549e855327ae874def5e54af9981efc31"}
,"C:\\Work Projects\\Ulbi\\production-project\\src\\app\\providers\\StoreProvider\\config\\store.ts": {"path":"C:\\Work Projects\\Ulbi\\production-project\\src\\app\\providers\\StoreProvider\\config\\store.ts","statementMap":{"0":{"start":{"line":15,"column":55},"end":{"line":20,"column":3}},"1":{"start":{"line":22,"column":25},"end":{"line":22,"column":59}},"2":{"start":{"line":24,"column":34},"end":{"line":26,"column":3}},"3":{"start":{"line":28,"column":16},"end":{"line":37,"column":4}},"4":{"start":{"line":32,"column":42},"end":{"line":36,"column":32}},"5":{"start":{"line":40,"column":2},"end":{"line":40,"column":40}},"6":{"start":{"line":42,"column":2},"end":{"line":42,"column":15}}},"fnMap":{"0":{"name":"createReduxStore","decl":{"start":{"line":11,"column":16},"end":{"line":11,"column":32}},"loc":{"start":{"line":14,"column":2},"end":{"line":43,"column":1}},"line":14},"1":{"name":"(anonymous_1)","decl":{"start":{"line":32,"column":16},"end":{"line":32,"column":17}},"loc":{"start":{"line":32,"column":42},"end":{"line":36,"column":32}},"line":32}},"branchMap":{},"s":{"0":12,"1":12,"2":12,"3":12,"4":12,"5":12,"6":12},"f":{"0":12,"1":12},"b":{},"_coverageSchema":"1a1c01bbd47fc00a2c39e90264f33305004495a9","hash":"2c9d2a9f9db4bf957d30438ed273264872440fb0"}
,"C:\\Work Projects\\Ulbi\\production-project\\src\\app\\providers\\StoreProvider\\ui\\StoreProvider.tsx": {"path":"C:\\Work Projects\\Ulbi\\production-project\\src\\app\\providers\\StoreProvider\\ui\\StoreProvider.tsx","statementMap":{"0":{"start":{"line":14,"column":29},"end":{"line":35,"column":1}},"1":{"start":{"line":19,"column":6},"end":{"line":19,"column":11}},"2":{"start":{"line":23,"column":16},"end":{"line":27,"column":3}},"3":{"start":{"line":28,"column":2},"end":{"line":28,"column":38}},"4":{"start":{"line":30,"column":2},"end":{"line":34,"column":4}}},"fnMap":{"0":{"name":"(anonymous_0)","decl":{"start":{"line":14,"column":29},"end":{"line":14,"column":30}},"loc":{"start":{"line":14,"column":60},"end":{"line":35,"column":1}},"line":14}},"branchMap":{},"s":{"0":3,"1":13,"2":12,"3":12,"4":12},"f":{"0":13},"b":{},"_coverageSchema":"1a1c01bbd47fc00a2c39e90264f33305004495a9","hash":"73922df868492b71fd656c16c71427816355998d"}
,"C:\\Work Projects\\Ulbi\\production-project\\src\\app\\providers\\router\\index.ts": {"path":"C:\\Work Projects\\Ulbi\\production-project\\src\\app\\providers\\router\\index.ts","statementMap":{},"fnMap":{},"branchMap":{},"s":{},"f":{},"b":{},"_coverageSchema":"1a1c01bbd47fc00a2c39e90264f33305004495a9","hash":"b37a3218866ebcc2d6078d971cdfd7baac4fe898"}
,"C:\\Work Projects\\Ulbi\\production-project\\src\\app\\providers\\router\\routeConfig\\routeConfig.tsx": {"path":"C:\\Work Projects\\Ulbi\\production-project\\src\\app\\providers\\router\\routeConfig\\routeConfig.tsx","statementMap":{"0":{"start":{"line":21,"column":61},"end":{"line":70,"column":1}}},"fnMap":{},"branchMap":{},"s":{"0":1},"f":{},"b":{},"_coverageSchema":"1a1c01bbd47fc00a2c39e90264f33305004495a9","hash":"8cf708f9e06692a15d6f398df8741366d49b696d"}
,"C:\\Work Projects\\Ulbi\\production-project\\src\\app\\providers\\router\\ui\\AppRouter.tsx": {"path":"C:\\Work Projects\\Ulbi\\production-project\\src\\app\\providers\\router\\ui\\AppRouter.tsx","statementMap":{"0":{"start":{"line":8,"column":18},"end":{"line":32,"column":1}},"1":{"start":{"line":9,"column":28},"end":{"line":25,"column":8}},"2":{"start":{"line":11,"column":6},"end":{"line":13,"column":17}},"3":{"start":{"line":16,"column":4},"end":{"line":24,"column":6}},"4":{"start":{"line":27,"column":2},"end":{"line":31,"column":4}}},"fnMap":{"0":{"name":"(anonymous_0)","decl":{"start":{"line":8,"column":18},"end":{"line":8,"column":19}},"loc":{"start":{"line":8,"column":24},"end":{"line":32,"column":1}},"line":8},"1":{"name":"(anonymous_1)","decl":{"start":{"line":9,"column":40},"end":{"line":9,"column":41}},"loc":{"start":{"line":9,"column":66},"end":{"line":25,"column":3}},"line":9}},"branchMap":{"0":{"loc":{"start":{"line":21,"column":10},"end":{"line":21,"column":93}},"type":"cond-expr","locations":[{"start":{"line":21,"column":27},"end":{"line":21,"column":83}},{"start":{"line":21,"column":86},"end":{"line":21,"column":93}}],"line":21}},"s":{"0":1,"1":7,"2":60,"3":60,"4":6},"f":{"0":7,"1":60},"b":{"0":[36,24]},"_coverageSchema":"1a1c01bbd47fc00a2c39e90264f33305004495a9","hash":"c645faec59ad4eba5f2f76b9bd898e06e7e1b3e9"}
,"C:\\Work Projects\\Ulbi\\production-project\\src\\app\\providers\\router\\ui\\RequireAuth.tsx": {"path":"C:\\Work Projects\\Ulbi\\production-project\\src\\app\\providers\\router\\ui\\RequireAuth.tsx","statementMap":{"0":{"start":{"line":13,"column":15},"end":{"line":13,"column":43}},"1":{"start":{"line":14,"column":19},"end":{"line":14,"column":32}},"2":{"start":{"line":15,"column":20},"end":{"line":15,"column":45}},"3":{"start":{"line":17,"column":27},"end":{"line":22,"column":24}},"4":{"start":{"line":18,"column":4},"end":{"line":20,"column":5}},"5":{"start":{"line":19,"column":6},"end":{"line":19,"column":18}},"6":{"start":{"line":21,"column":4},"end":{"line":21,"column":60}},"7":{"start":{"line":21,"column":33},"end":{"line":21,"column":58}},"8":{"start":{"line":24,"column":2},"end":{"line":26,"column":3}},"9":{"start":{"line":25,"column":4},"end":{"line":25,"column":79}},"10":{"start":{"line":27,"column":2},"end":{"line":29,"column":3}},"11":{"start":{"line":28,"column":4},"end":{"line":28,"column":84}},"12":{"start":{"line":31,"column":2},"end":{"line":31,"column":18}}},"fnMap":{"0":{"name":"RequireAuth","decl":{"start":{"line":12,"column":16},"end":{"line":12,"column":27}},"loc":{"start":{"line":12,"column":67},"end":{"line":32,"column":1}},"line":12},"1":{"name":"(anonymous_1)","decl":{"start":{"line":17,"column":35},"end":{"line":17,"column":36}},"loc":{"start":{"line":17,"column":41},"end":{"line":22,"column":3}},"line":17},"2":{"name":"(anonymous_2)","decl":{"start":{"line":21,"column":23},"end":{"line":21,"column":24}},"loc":{"start":{"line":21,"column":33},"end":{"line":21,"column":58}},"line":21}},"branchMap":{"0":{"loc":{"start":{"line":18,"column":4},"end":{"line":20,"column":5}},"type":"if","locations":[{"start":{"line":18,"column":4},"end":{"line":20,"column":5}},{"start":{},"end":{}}],"line":18},"1":{"loc":{"start":{"line":24,"column":2},"end":{"line":26,"column":3}},"type":"if","locations":[{"start":{"line":24,"column":2},"end":{"line":26,"column":3}},{"start":{},"end":{}}],"line":24},"2":{"loc":{"start":{"line":27,"column":2},"end":{"line":29,"column":3}},"type":"if","locations":[{"start":{"line":27,"column":2},"end":{"line":29,"column":3}},{"start":{},"end":{}}],"line":27}},"s":{"0":4,"1":4,"2":4,"3":4,"4":4,"5":2,"6":2,"7":3,"8":4,"9":1,"10":3,"11":1,"12":2},"f":{"0":4,"1":4,"2":3},"b":{"0":[2,2],"1":[1,3],"2":[1,2]},"_coverageSchema":"1a1c01bbd47fc00a2c39e90264f33305004495a9","hash":"8e2caa3d3d86c6797e86653fa6a18e56729de8c9"}
,"C:\\Work Projects\\Ulbi\\production-project\\src\\entities\\Article\\index.ts": {"path":"C:\\Work Projects\\Ulbi\\production-project\\src\\entities\\Article\\index.ts","statementMap":{},"fnMap":{},"branchMap":{},"s":{},"f":{},"b":{},"_coverageSchema":"1a1c01bbd47fc00a2c39e90264f33305004495a9","hash":"b5f31afe7ffa1ab7c13005b4a675cd390c32855c"}
,"C:\\Work Projects\\Ulbi\\production-project\\src\\entities\\Article\\model\\consts\\article.ts": {"path":"C:\\Work Projects\\Ulbi\\production-project\\src\\entities\\Article\\model\\consts\\article.ts","statementMap":{},"fnMap":{},"branchMap":{},"s":{},"f":{},"b":{},"_coverageSchema":"1a1c01bbd47fc00a2c39e90264f33305004495a9","hash":"110f9234f4aa1d0fa34548f11804c90d300ea82a"}
,"C:\\Work Projects\\Ulbi\\production-project\\src\\entities\\Article\\model\\selectors\\articleDetails.ts": {"path":"C:\\Work Projects\\Ulbi\\production-project\\src\\entities\\Article\\model\\selectors\\articleDetails.ts","statementMap":{"0":{"start":{"line":4,"column":62},"end":{"line":4,"column":126}},"1":{"start":{"line":4,"column":99},"end":{"line":4,"column":125}},"2":{"start":{"line":5,"column":64},"end":{"line":5,"column":129}},"3":{"start":{"line":5,"column":101},"end":{"line":5,"column":128}},"4":{"start":{"line":6,"column":72},"end":{"line":8,"column":1}},"5":{"start":{"line":7,"column":25},"end":{"line":7,"column":56}}},"fnMap":{"0":{"name":"(anonymous_0)","decl":{"start":{"line":4,"column":76},"end":{"line":4,"column":77}},"loc":{"start":{"line":4,"column":99},"end":{"line":4,"column":125}},"line":4},"1":{"name":"(anonymous_1)","decl":{"start":{"line":5,"column":78},"end":{"line":5,"column":79}},"loc":{"start":{"line":5,"column":101},"end":{"line":5,"column":128}},"line":5},"2":{"name":"(anonymous_2)","decl":{"start":{"line":7,"column":2},"end":{"line":7,"column":3}},"loc":{"start":{"line":7,"column":25},"end":{"line":7,"column":56}},"line":7}},"branchMap":{},"s":{"0":3,"1":2,"2":3,"3":1,"4":3,"5":1},"f":{"0":2,"1":1,"2":1},"b":{},"_coverageSchema":"1a1c01bbd47fc00a2c39e90264f33305004495a9","hash":"ef512f2d4e86ac68993a9827cd88bebcb14fad4a"}
,"C:\\Work Projects\\Ulbi\\production-project\\src\\entities\\Article\\model\\services\\fetchArticleById.ts": {"path":"C:\\Work Projects\\Ulbi\\production-project\\src\\entities\\Article\\model\\services\\fetchArticleById.ts","statementMap":{"0":{"start":{"line":5,"column":32},"end":{"line":26,"column":1}},"1":{"start":{"line":10,"column":4},"end":{"line":24,"column":5}},"2":{"start":{"line":11,"column":23},"end":{"line":15,"column":8}},"3":{"start":{"line":17,"column":6},"end":{"line":19,"column":7}},"4":{"start":{"line":18,"column":8},"end":{"line":18,"column":26}},"5":{"start":{"line":20,"column":6},"end":{"line":20,"column":27}},"6":{"start":{"line":22,"column":6},"end":{"line":22,"column":21}},"7":{"start":{"line":23,"column":6},"end":{"line":23,"column":38}}},"fnMap":{"0":{"name":"(anonymous_0)","decl":{"start":{"line":9,"column":2},"end":{"line":9,"column":3}},"loc":{"start":{"line":9,"column":53},"end":{"line":25,"column":3}},"line":9}},"branchMap":{"0":{"loc":{"start":{"line":17,"column":6},"end":{"line":19,"column":7}},"type":"if","locations":[{"start":{"line":17,"column":6},"end":{"line":19,"column":7}},{"start":{},"end":{}}],"line":17}},"s":{"0":2,"1":0,"2":0,"3":0,"4":0,"5":0,"6":0,"7":0},"f":{"0":0},"b":{"0":[0,0]},"_coverageSchema":"1a1c01bbd47fc00a2c39e90264f33305004495a9","hash":"6989992e1e2e99dbdad220522323cc7450bb5404"}
,"C:\\Work Projects\\Ulbi\\production-project\\src\\entities\\Article\\model\\slice\\articleDetailsSlice.ts": {"path":"C:\\Work Projects\\Ulbi\\production-project\\src\\entities\\Article\\model\\slice\\articleDetailsSlice.ts","statementMap":{"0":{"start":{"line":5,"column":43},"end":{"line":9,"column":1}},"1":{"start":{"line":11,"column":35},"end":{"line":30,"column":2}},"2":{"start":{"line":16,"column":4},"end":{"line":28,"column":9}},"3":{"start":{"line":18,"column":8},"end":{"line":18,"column":32}},"4":{"start":{"line":19,"column":8},"end":{"line":19,"column":31}},"5":{"start":{"line":22,"column":8},"end":{"line":22,"column":32}},"6":{"start":{"line":23,"column":8},"end":{"line":23,"column":36}},"7":{"start":{"line":26,"column":8},"end":{"line":26,"column":32}},"8":{"start":{"line":27,"column":8},"end":{"line":27,"column":37}},"9":{"start":{"line":32,"column":50},"end":{"line":32,"column":69}},"10":{"start":{"line":33,"column":50},"end":{"line":33,"column":69}}},"fnMap":{"0":{"name":"(anonymous_0)","decl":{"start":{"line":15,"column":17},"end":{"line":15,"column":18}},"loc":{"start":{"line":15,"column":30},"end":{"line":29,"column":3}},"line":15},"1":{"name":"(anonymous_1)","decl":{"start":{"line":17,"column":41},"end":{"line":17,"column":42}},"loc":{"start":{"line":17,"column":52},"end":{"line":20,"column":7}},"line":17},"2":{"name":"(anonymous_2)","decl":{"start":{"line":21,"column":43},"end":{"line":21,"column":44}},"loc":{"start":{"line":21,"column":62},"end":{"line":24,"column":7}},"line":21},"3":{"name":"(anonymous_3)","decl":{"start":{"line":25,"column":42},"end":{"line":25,"column":43}},"loc":{"start":{"line":25,"column":61},"end":{"line":28,"column":7}},"line":25}},"branchMap":{},"s":{"0":2,"1":2,"2":0,"3":0,"4":0,"5":0,"6":0,"7":0,"8":0,"9":2,"10":2},"f":{"0":0,"1":0,"2":0,"3":0},"b":{},"_coverageSchema":"1a1c01bbd47fc00a2c39e90264f33305004495a9","hash":"13310f897d33474f3d55e259d764ab22c2791fa5"}
,"C:\\Work Projects\\Ulbi\\production-project\\src\\entities\\Article\\ui\\ArticleCodeBlockComponent\\ArticleCodeBlockComponent.tsx": {"path":"C:\\Work Projects\\Ulbi\\production-project\\src\\entities\\Article\\ui\\ArticleCodeBlockComponent\\ArticleCodeBlockComponent.tsx","statementMap":{"0":{"start":{"line":12,"column":41},"end":{"line":19,"column":1}},"1":{"start":{"line":13,"column":16},"end":{"line":13,"column":32}},"2":{"start":{"line":14,"column":2},"end":{"line":18,"column":4}}},"fnMap":{"0":{"name":"(anonymous_0)","decl":{"start":{"line":12,"column":41},"end":{"line":12,"column":42}},"loc":{"start":{"line":12,"column":99},"end":{"line":19,"column":1}},"line":12}},"branchMap":{},"s":{"0":2,"1":0,"2":0},"f":{"0":0},"b":{},"_coverageSchema":"1a1c01bbd47fc00a2c39e90264f33305004495a9","hash":"c9eb65f1a08fcc443a209c796c82ad645a1d536b"}
,"C:\\Work Projects\\Ulbi\\production-project\\src\\entities\\Article\\ui\\ArticleDetails\\ArticleDetails.tsx": {"path":"C:\\Work Projects\\Ulbi\\production-project\\src\\entities\\Article\\ui\\ArticleDetails\\ArticleDetails.tsx","statementMap":{"0":{"start":{"line":34,"column":31},"end":{"line":36,"column":1}},"1":{"start":{"line":38,"column":30},"end":{"line":115,"column":2}},"2":{"start":{"line":39,"column":16},"end":{"line":39,"column":49}},"3":{"start":{"line":40,"column":19},"end":{"line":40,"column":35}},"4":{"start":{"line":41,"column":18},"end":{"line":41,"column":41}},"5":{"start":{"line":42,"column":20},"end":{"line":42,"column":48}},"6":{"start":{"line":43,"column":16},"end":{"line":43,"column":40}},"7":{"start":{"line":45,"column":22},"end":{"line":56,"column":8}},"8":{"start":{"line":46,"column":4},"end":{"line":55,"column":5}},"9":{"start":{"line":48,"column":6},"end":{"line":48,"column":94}},"10":{"start":{"line":50,"column":6},"end":{"line":50,"column":95}},"11":{"start":{"line":52,"column":6},"end":{"line":52,"column":94}},"12":{"start":{"line":54,"column":6},"end":{"line":54,"column":18}},"13":{"start":{"line":58,"column":2},"end":{"line":62,"column":21}},"14":{"start":{"line":59,"column":4},"end":{"line":61,"column":5}},"15":{"start":{"line":60,"column":6},"end":{"line":60,"column":37}},"16":{"start":{"line":66,"column":2},"end":{"line":106,"column":3}},"17":{"start":{"line":67,"column":4},"end":{"line":75,"column":6}},"18":{"start":{"line":76,"column":9},"end":{"line":106,"column":3}},"19":{"start":{"line":77,"column":4},"end":{"line":79,"column":6}},"20":{"start":{"line":81,"column":4},"end":{"line":105,"column":6}},"21":{"start":{"line":108,"column":2},"end":{"line":114,"column":4}}},"fnMap":{"0":{"name":"(anonymous_0)","decl":{"start":{"line":38,"column":35},"end":{"line":38,"column":36}},"loc":{"start":{"line":38,"column":79},"end":{"line":115,"column":1}},"line":38},"1":{"name":"(anonymous_1)","decl":{"start":{"line":45,"column":34},"end":{"line":45,"column":35}},"loc":{"start":{"line":45,"column":59},"end":{"line":56,"column":3}},"line":45},"2":{"name":"(anonymous_2)","decl":{"start":{"line":58,"column":12},"end":{"line":58,"column":13}},"loc":{"start":{"line":58,"column":18},"end":{"line":62,"column":3}},"line":58}},"branchMap":{"0":{"loc":{"start":{"line":46,"column":4},"end":{"line":55,"column":5}},"type":"switch","locations":[{"start":{"line":47,"column":4},"end":{"line":48,"column":94}},{"start":{"line":49,"column":4},"end":{"line":50,"column":95}},{"start":{"line":51,"column":4},"end":{"line":52,"column":94}},{"start":{"line":53,"column":4},"end":{"line":54,"column":18}}],"line":46},"1":{"loc":{"start":{"line":59,"column":4},"end":{"line":61,"column":5}},"type":"if","locations":[{"start":{"line":59,"column":4},"end":{"line":61,"column":5}},{"start":{},"end":{}}],"line":59},"2":{"loc":{"start":{"line":66,"column":2},"end":{"line":106,"column":3}},"type":"if","locations":[{"start":{"line":66,"column":2},"end":{"line":106,"column":3}},{"start":{"line":76,"column":9},"end":{"line":106,"column":3}}],"line":66},"3":{"loc":{"start":{"line":76,"column":9},"end":{"line":106,"column":3}},"type":"if","locations":[{"start":{"line":76,"column":9},"end":{"line":106,"column":3}},{"start":{"line":80,"column":9},"end":{"line":106,"column":3}}],"line":76}},"s":{"0":2,"1":2,"2":0,"3":0,"4":0,"5":0,"6":0,"7":0,"8":0,"9":0,"10":0,"11":0,"12":0,"13":0,"14":0,"15":0,"16":0,"17":0,"18":0,"19":0,"20":0,"21":0},"f":{"0":0,"1":0,"2":0},"b":{"0":[0,0,0,0],"1":[0,0],"2":[0,0],"3":[0,0]},"_coverageSchema":"1a1c01bbd47fc00a2c39e90264f33305004495a9","hash":"a28a96d83fe7cd45a144a5e1715dd8adbb34cd92"}
,"C:\\Work Projects\\Ulbi\\production-project\\src\\entities\\Article\\ui\\ArticleImageBlockComponent\\ArticleImageBlockComponent.tsx": {"path":"C:\\Work Projects\\Ulbi\\production-project\\src\\entities\\Article\\ui\\ArticleImageBlockComponent\\ArticleImageBlockComponent.tsx","statementMap":{"0":{"start":{"line":12,"column":42},"end":{"line":22,"column":1}},"1":{"start":{"line":13,"column":16},"end":{"line":13,"column":32}},"2":{"start":{"line":14,"column":2},"end":{"line":21,"column":4}}},"fnMap":{"0":{"name":"(anonymous_0)","decl":{"start":{"line":12,"column":42},"end":{"line":12,"column":43}},"loc":{"start":{"line":12,"column":101},"end":{"line":22,"column":1}},"line":12}},"branchMap":{"0":{"loc":{"start":{"line":17,"column":7},"end":{"line":19,"column":7}},"type":"binary-expr","locations":[{"start":{"line":17,"column":7},"end":{"line":17,"column":18}},{"start":{"line":18,"column":8},"end":{"line":18,"column":60}}],"line":17}},"s":{"0":2,"1":0,"2":0},"f":{"0":0},"b":{"0":[0,0]},"_coverageSchema":"1a1c01bbd47fc00a2c39e90264f33305004495a9","hash":"54d41dd5b1320bc8df57e63130bac2384f43879d"}
,"C:\\Work Projects\\Ulbi\\production-project\\src\\entities\\Article\\ui\\ArticleList\\ArticleList.tsx": {"path":"C:\\Work Projects\\Ulbi\\production-project\\src\\entities\\Article\\ui\\ArticleList\\ArticleList.tsx","statementMap":{"0":{"start":{"line":19,"column":27},"end":{"line":55,"column":2}},"1":{"start":{"line":22,"column":6},"end":{"line":22,"column":11}},"2":{"start":{"line":23,"column":16},"end":{"line":23,"column":32}},"3":{"start":{"line":25,"column":23},"end":{"line":31,"column":3}},"4":{"start":{"line":26,"column":4},"end":{"line":30,"column":6}},"5":{"start":{"line":28,"column":8},"end":{"line":28,"column":83}},"6":{"start":{"line":33,"column":2},"end":{"line":39,"column":3}},"7":{"start":{"line":34,"column":4},"end":{"line":38,"column":6}},"8":{"start":{"line":41,"column":2},"end":{"line":54,"column":4}},"9":{"start":{"line":44,"column":8},"end":{"line":50,"column":10}}},"fnMap":{"0":{"name":"(anonymous_0)","decl":{"start":{"line":19,"column":32},"end":{"line":19,"column":33}},"loc":{"start":{"line":19,"column":61},"end":{"line":55,"column":1}},"line":19},"1":{"name":"(anonymous_1)","decl":{"start":{"line":25,"column":23},"end":{"line":25,"column":24}},"loc":{"start":{"line":25,"column":46},"end":{"line":31,"column":3}},"line":25},"2":{"name":"(anonymous_2)","decl":{"start":{"line":27,"column":62},"end":{"line":27,"column":63}},"loc":{"start":{"line":28,"column":8},"end":{"line":28,"column":83}},"line":28},"3":{"name":"(anonymous_3)","decl":{"start":{"line":43,"column":20},"end":{"line":43,"column":21}},"loc":{"start":{"line":44,"column":8},"end":{"line":50,"column":10}},"line":44}},"branchMap":{"0":{"loc":{"start":{"line":21,"column":36},"end":{"line":21,"column":60}},"type":"default-arg","locations":[{"start":{"line":21,"column":43},"end":{"line":21,"column":60}}],"line":21},"1":{"loc":{"start":{"line":27,"column":16},"end":{"line":27,"column":48}},"type":"cond-expr","locations":[{"start":{"line":27,"column":43},"end":{"line":27,"column":44}},{"start":{"line":27,"column":47},"end":{"line":27,"column":48}}],"line":27},"2":{"loc":{"start":{"line":33,"column":2},"end":{"line":39,"column":3}},"type":"if","locations":[{"start":{"line":33,"column":2},"end":{"line":39,"column":3}},{"start":{},"end":{}}],"line":33},"3":{"loc":{"start":{"line":33,"column":6},"end":{"line":33,"column":36}},"type":"binary-expr","locations":[{"start":{"line":33,"column":6},"end":{"line":33,"column":16}},{"start":{"line":33,"column":20},"end":{"line":33,"column":36}}],"line":33},"4":{"loc":{"start":{"line":52,"column":7},"end":{"line":52,"column":38}},"type":"binary-expr","locations":[{"start":{"line":52,"column":7},"end":{"line":52,"column":16}},{"start":{"line":52,"column":20},"end":{"line":52,"column":38}}],"line":52}},"s":{"0":2,"1":0,"2":0,"3":0,"4":0,"5":0,"6":0,"7":0,"8":0,"9":0},"f":{"0":0,"1":0,"2":0,"3":0},"b":{"0":[0],"1":[0,0],"2":[0,0],"3":[0,0],"4":[0,0]},"_coverageSchema":"1a1c01bbd47fc00a2c39e90264f33305004495a9","hash":"5b4d014448b689a70e023316e19a31952a40495b"}
,"C:\\Work Projects\\Ulbi\\production-project\\src\\entities\\Article\\ui\\ArticleListItem\\ArticleListItem.tsx": {"path":"C:\\Work Projects\\Ulbi\\production-project\\src\\entities\\Article\\ui\\ArticleListItem\\ArticleListItem.tsx","statementMap":{"0":{"start":{"line":28,"column":31},"end":{"line":105,"column":2}},"1":{"start":{"line":31,"column":16},"end":{"line":31,"column":32}},"2":{"start":{"line":33,"column":16},"end":{"line":33,"column":77}},"3":{"start":{"line":35,"column":4},"end":{"line":38,"column":7}},"4":{"start":{"line":41,"column":20},"end":{"line":41,"column":74}},"5":{"start":{"line":42,"column":16},"end":{"line":42,"column":67}},"6":{"start":{"line":44,"column":2},"end":{"line":77,"column":3}},"7":{"start":{"line":45,"column":22},"end":{"line":45,"column":110}},"8":{"start":{"line":45,"column":53},"end":{"line":45,"column":89}},"9":{"start":{"line":47,"column":4},"end":{"line":76,"column":6}},"10":{"start":{"line":79,"column":2},"end":{"line":104,"column":4}}},"fnMap":{"0":{"name":"(anonymous_0)","decl":{"start":{"line":28,"column":36},"end":{"line":28,"column":37}},"loc":{"start":{"line":30,"column":28},"end":{"line":105,"column":1}},"line":30},"1":{"name":"(anonymous_1)","decl":{"start":{"line":45,"column":42},"end":{"line":45,"column":43}},"loc":{"start":{"line":45,"column":53},"end":{"line":45,"column":89}},"line":45}},"branchMap":{"0":{"loc":{"start":{"line":44,"column":2},"end":{"line":77,"column":3}},"type":"if","locations":[{"start":{"line":44,"column":2},"end":{"line":77,"column":3}},{"start":{},"end":{}}],"line":44},"1":{"loc":{"start":{"line":64,"column":11},"end":{"line":64,"column":97}},"type":"binary-expr","locations":[{"start":{"line":64,"column":11},"end":{"line":64,"column":20}},{"start":{"line":64,"column":24},"end":{"line":64,"column":97}}],"line":64}},"s":{"0":2,"1":0,"2":0,"3":0,"4":0,"5":0,"6":0,"7":0,"8":0,"9":0,"10":0},"f":{"0":0,"1":0},"b":{"0":[0,0],"1":[0,0]},"_coverageSchema":"1a1c01bbd47fc00a2c39e90264f33305004495a9","hash":"6b7aed3b5bfe2ef0d6e42cffb6e33d78a6af9369"}
,"C:\\Work Projects\\Ulbi\\production-project\\src\\entities\\Article\\ui\\ArticleListItem\\ArticleListItemSkeleton.tsx": {"path":"C:\\Work Projects\\Ulbi\\production-project\\src\\entities\\Article\\ui\\ArticleListItem\\ArticleListItemSkeleton.tsx","statementMap":{"0":{"start":{"line":13,"column":39},"end":{"line":51,"column":2}},"1":{"start":{"line":14,"column":2},"end":{"line":34,"column":3}},"2":{"start":{"line":15,"column":4},"end":{"line":33,"column":6}},"3":{"start":{"line":36,"column":2},"end":{"line":50,"column":4}}},"fnMap":{"0":{"name":"(anonymous_0)","decl":{"start":{"line":13,"column":44},"end":{"line":13,"column":45}},"loc":{"start":{"line":13,"column":99},"end":{"line":51,"column":1}},"line":13}},"branchMap":{"0":{"loc":{"start":{"line":14,"column":2},"end":{"line":34,"column":3}},"type":"if","locations":[{"start":{"line":14,"column":2},"end":{"line":34,"column":3}},{"start":{},"end":{}}],"line":14}},"s":{"0":2,"1":0,"2":0,"3":0},"f":{"0":0},"b":{"0":[0,0]},"_coverageSchema":"1a1c01bbd47fc00a2c39e90264f33305004495a9","hash":"913b061cc89160498b587873c8036ea0412db8d4"}
,"C:\\Work Projects\\Ulbi\\production-project\\src\\entities\\Article\\ui\\ArticleTextBlockComponent\\ArticleTextBlockComponent.tsx": {"path":"C:\\Work Projects\\Ulbi\\production-project\\src\\entities\\Article\\ui\\ArticleTextBlockComponent\\ArticleTextBlockComponent.tsx","statementMap":{"0":{"start":{"line":12,"column":41},"end":{"line":22,"column":1}},"1":{"start":{"line":13,"column":16},"end":{"line":13,"column":32}},"2":{"start":{"line":14,"column":2},"end":{"line":21,"column":4}},"3":{"start":{"line":18,"column":8},"end":{"line":18,"column":75}}},"fnMap":{"0":{"name":"(anonymous_0)","decl":{"start":{"line":12,"column":41},"end":{"line":12,"column":42}},"loc":{"start":{"line":12,"column":99},"end":{"line":22,"column":1}},"line":12},"1":{"name":"(anonymous_1)","decl":{"start":{"line":17,"column":28},"end":{"line":17,"column":29}},"loc":{"start":{"line":18,"column":8},"end":{"line":18,"column":75}},"line":18}},"branchMap":{"0":{"loc":{"start":{"line":16,"column":7},"end":{"line":16,"column":72}},"type":"binary-expr","locations":[{"start":{"line":16,"column":7},"end":{"line":16,"column":18}},{"start":{"line":16,"column":22},"end":{"line":16,"column":72}}],"line":16}},"s":{"0":2,"1":0,"2":0,"3":0},"f":{"0":0,"1":0},"b":{"0":[0,0]},"_coverageSchema":"1a1c01bbd47fc00a2c39e90264f33305004495a9","hash":"96ce00b4c4c906581e1bd730416157e4c6f09818"}
,"C:\\Work Projects\\Ulbi\\production-project\\src\\entities\\Country\\index.ts": {"path":"C:\\Work Projects\\Ulbi\\production-project\\src\\entities\\Country\\index.ts","statementMap":{},"fnMap":{},"branchMap":{},"s":{},"f":{},"b":{},"_coverageSchema":"1a1c01bbd47fc00a2c39e90264f33305004495a9","hash":"90beb11208f7e49bed1c1ec35f457c9ca3d333da"}
,"C:\\Work Projects\\Ulbi\\production-project\\src\\entities\\Country\\model\\types\\country.ts": {"path":"C:\\Work Projects\\Ulbi\\production-project\\src\\entities\\Country\\model\\types\\country.ts","statementMap":{},"fnMap":{},"branchMap":{},"s":{},"f":{},"b":{},"_coverageSchema":"1a1c01bbd47fc00a2c39e90264f33305004495a9","hash":"82b9ba56ec5eeffe77c456e5bb9de0f4dfd68427"}
,"C:\\Work Projects\\Ulbi\\production-project\\src\\entities\\Country\\ui\\CountrySelect\\CountrySelect.tsx": {"path":"C:\\Work Projects\\Ulbi\\production-project\\src\\entities\\Country\\ui\\CountrySelect\\CountrySelect.tsx","statementMap":{"0":{"start":{"line":7,"column":16},"end":{"line":13,"column":1}},"1":{"start":{"line":22,"column":29},"end":{"line":43,"column":2}},"2":{"start":{"line":25,"column":16},"end":{"line":25,"column":32}},"3":{"start":{"line":27,"column":26},"end":{"line":29,"column":16}},"4":{"start":{"line":28,"column":4},"end":{"line":28,"column":33}},"5":{"start":{"line":31,"column":2},"end":{"line":42,"column":4}}},"fnMap":{"0":{"name":"(anonymous_0)","decl":{"start":{"line":22,"column":34},"end":{"line":22,"column":35}},"loc":{"start":{"line":24,"column":26},"end":{"line":43,"column":1}},"line":24},"1":{"name":"(anonymous_1)","decl":{"start":{"line":27,"column":38},"end":{"line":27,"column":39}},"loc":{"start":{"line":27,"column":57},"end":{"line":29,"column":3}},"line":27}},"branchMap":{},"s":{"0":8,"1":8,"2":13,"3":13,"4":0,"5":13},"f":{"0":13,"1":0},"b":{},"_coverageSchema":"1a1c01bbd47fc00a2c39e90264f33305004495a9","hash":"f67302d0f8bb6e99a64f2c071a6408a70f339e2a"}
,"C:\\Work Projects\\Ulbi\\production-project\\src\\entities\\Currency\\index.ts": {"path":"C:\\Work Projects\\Ulbi\\production-project\\src\\entities\\Currency\\index.ts","statementMap":{},"fnMap":{},"branchMap":{},"s":{},"f":{},"b":{},"_coverageSchema":"1a1c01bbd47fc00a2c39e90264f33305004495a9","hash":"5972bf2886c3da8a33f2918057a652609a066281"}
,"C:\\Work Projects\\Ulbi\\production-project\\src\\entities\\Currency\\model\\types\\currency.ts": {"path":"C:\\Work Projects\\Ulbi\\production-project\\src\\entities\\Currency\\model\\types\\currency.ts","statementMap":{},"fnMap":{},"branchMap":{},"s":{},"f":{},"b":{},"_coverageSchema":"1a1c01bbd47fc00a2c39e90264f33305004495a9","hash":"02576ff4620840cb3c4e9c26e35c7e65cacd1856"}
,"C:\\Work Projects\\Ulbi\\production-project\\src\\entities\\Currency\\ui\\CurrencySelect\\CurrencySelect.tsx": {"path":"C:\\Work Projects\\Ulbi\\production-project\\src\\entities\\Currency\\ui\\CurrencySelect\\CurrencySelect.tsx","statementMap":{"0":{"start":{"line":7,"column":16},"end":{"line":11,"column":1}},"1":{"start":{"line":19,"column":30},"end":{"line":40,"column":2}},"2":{"start":{"line":22,"column":16},"end":{"line":22,"column":32}},"3":{"start":{"line":24,"column":26},"end":{"line":26,"column":16}},"4":{"start":{"line":25,"column":4},"end":{"line":25,"column":34}},"5":{"start":{"line":28,"column":2},"end":{"line":39,"column":4}}},"fnMap":{"0":{"name":"(anonymous_0)","decl":{"start":{"line":19,"column":35},"end":{"line":19,"column":36}},"loc":{"start":{"line":21,"column":27},"end":{"line":40,"column":1}},"line":21},"1":{"name":"(anonymous_1)","decl":{"start":{"line":24,"column":38},"end":{"line":24,"column":39}},"loc":{"start":{"line":24,"column":57},"end":{"line":26,"column":3}},"line":24}},"branchMap":{},"s":{"0":8,"1":8,"2":13,"3":13,"4":0,"5":13},"f":{"0":13,"1":0},"b":{},"_coverageSchema":"1a1c01bbd47fc00a2c39e90264f33305004495a9","hash":"9f3bf6d91b2052483525c8fdbdfe535032143998"}
,"C:\\Work Projects\\Ulbi\\production-project\\src\\entities\\Profile\\index.ts": {"path":"C:\\Work Projects\\Ulbi\\production-project\\src\\entities\\Profile\\index.ts","statementMap":{},"fnMap":{},"branchMap":{},"s":{},"f":{},"b":{},"_coverageSchema":"1a1c01bbd47fc00a2c39e90264f33305004495a9","hash":"c666bb004b8c5a5a15176ab92f7d6f11a285acef"}
,"C:\\Work Projects\\Ulbi\\production-project\\src\\entities\\Profile\\ui\\ProfileCard\\ProfileCard.tsx": {"path":"C:\\Work Projects\\Ulbi\\production-project\\src\\entities\\Profile\\ui\\ProfileCard\\ProfileCard.tsx","statementMap":{"0":{"start":{"line":29,"column":27},"end":{"line":145,"column":1}},"1":{"start":{"line":44,"column":6},"end":{"line":44,"column":11}},"2":{"start":{"line":45,"column":16},"end":{"line":45,"column":41}},"3":{"start":{"line":47,"column":2},"end":{"line":53,"column":3}},"4":{"start":{"line":48,"column":4},"end":{"line":52,"column":6}},"5":{"start":{"line":55,"column":2},"end":{"line":66,"column":3}},"6":{"start":{"line":56,"column":4},"end":{"line":65,"column":6}},"7":{"start":{"line":68,"column":15},"end":{"line":70,"column":3}},"8":{"start":{"line":72,"column":2},"end":{"line":144,"column":4}}},"fnMap":{"0":{"name":"(anonymous_0)","decl":{"start":{"line":29,"column":27},"end":{"line":29,"column":28}},"loc":{"start":{"line":29,"column":56},"end":{"line":145,"column":1}},"line":29}},"branchMap":{"0":{"loc":{"start":{"line":47,"column":2},"end":{"line":53,"column":3}},"type":"if","locations":[{"start":{"line":47,"column":2},"end":{"line":53,"column":3}},{"start":{},"end":{}}],"line":47},"1":{"loc":{"start":{"line":55,"column":2},"end":{"line":66,"column":3}},"type":"if","locations":[{"start":{"line":55,"column":2},"end":{"line":66,"column":3}},{"start":{},"end":{}}],"line":55},"2":{"loc":{"start":{"line":74,"column":7},"end":{"line":78,"column":7}},"type":"binary-expr","locations":[{"start":{"line":74,"column":7},"end":{"line":74,"column":19}},{"start":{"line":75,"column":8},"end":{"line":77,"column":17}}],"line":74}},"s":{"0":2,"1":30,"2":30,"3":30,"4":2,"5":28,"6":0,"7":28,"8":28},"f":{"0":30},"b":{"0":[2,28],"1":[0,28],"2":[28,0]},"_coverageSchema":"1a1c01bbd47fc00a2c39e90264f33305004495a9","hash":"89b5c90229e31b7854d6cec99d9a3ffd748147cd"}
,"C:\\Work Projects\\Ulbi\\production-project\\src\\entities\\Rating\\index.ts": {"path":"C:\\Work Projects\\Ulbi\\production-project\\src\\entities\\Rating\\index.ts","statementMap":{},"fnMap":{},"branchMap":{},"s":{},"f":{},"b":{},"_coverageSchema":"1a1c01bbd47fc00a2c39e90264f33305004495a9","hash":"261057799c1c0e8e0ecec2a3577b933bf5284441"}
,"C:\\Work Projects\\Ulbi\\production-project\\src\\entities\\Rating\\ui\\RatingCard\\RatingCard.tsx": {"path":"C:\\Work Projects\\Ulbi\\production-project\\src\\entities\\Rating\\ui\\RatingCard\\RatingCard.tsx","statementMap":{"0":{"start":{"line":25,"column":26},"end":{"line":118,"column":2}},"1":{"start":{"line":34,"column":6},"end":{"line":34,"column":11}},"2":{"start":{"line":35,"column":16},"end":{"line":35,"column":32}},"3":{"start":{"line":37,"column":40},"end":{"line":37,"column":55}},"4":{"start":{"line":38,"column":38},"end":{"line":38,"column":52}},"5":{"start":{"line":39,"column":34},"end":{"line":39,"column":46}},"6":{"start":{"line":41,"column":24},"end":{"line":48,"column":29}},"7":{"start":{"line":42,"column":4},"end":{"line":42,"column":38}},"8":{"start":{"line":43,"column":4},"end":{"line":47,"column":5}},"9":{"start":{"line":44,"column":6},"end":{"line":44,"column":27}},"10":{"start":{"line":46,"column":6},"end":{"line":46,"column":37}},"11":{"start":{"line":50,"column":23},"end":{"line":53,"column":38}},"12":{"start":{"line":51,"column":4},"end":{"line":51,"column":26}},"13":{"start":{"line":52,"column":4},"end":{"line":52,"column":37}},"14":{"start":{"line":55,"column":23},"end":{"line":58,"column":28}},"15":{"start":{"line":56,"column":4},"end":{"line":56,"column":26}},"16":{"start":{"line":57,"column":4},"end":{"line":57,"column":27}},"17":{"start":{"line":61,"column":4},"end":{"line":71,"column":7}},"18":{"start":{"line":74,"column":2},"end":{"line":117,"column":4}}},"fnMap":{"0":{"name":"(anonymous_0)","decl":{"start":{"line":25,"column":31},"end":{"line":25,"column":32}},"loc":{"start":{"line":25,"column":59},"end":{"line":118,"column":1}},"line":25},"1":{"name":"(anonymous_1)","decl":{"start":{"line":41,"column":36},"end":{"line":41,"column":37}},"loc":{"start":{"line":41,"column":68},"end":{"line":48,"column":3}},"line":41},"2":{"name":"(anonymous_2)","decl":{"start":{"line":50,"column":35},"end":{"line":50,"column":36}},"loc":{"start":{"line":50,"column":41},"end":{"line":53,"column":3}},"line":50},"3":{"name":"(anonymous_3)","decl":{"start":{"line":55,"column":35},"end":{"line":55,"column":36}},"loc":{"start":{"line":55,"column":41},"end":{"line":58,"column":3}},"line":55}},"branchMap":{"0":{"loc":{"start":{"line":33,"column":4},"end":{"line":33,"column":12}},"type":"default-arg","locations":[{"start":{"line":33,"column":11},"end":{"line":33,"column":12}}],"line":33},"1":{"loc":{"start":{"line":43,"column":4},"end":{"line":47,"column":5}},"type":"if","locations":[{"start":{"line":43,"column":4},"end":{"line":47,"column":5}},{"start":{"line":45,"column":11},"end":{"line":47,"column":5}}],"line":43},"2":{"loc":{"start":{"line":77,"column":21},"end":{"line":77,"column":65}},"type":"cond-expr","locations":[{"start":{"line":77,"column":34},"end":{"line":77,"column":57}},{"start":{"line":77,"column":60},"end":{"line":77,"column":65}}],"line":77}},"s":{"0":1,"1":0,"2":0,"3":0,"4":0,"5":0,"6":0,"7":0,"8":0,"9":0,"10":0,"11":0,"12":0,"13":0,"14":0,"15":0,"16":0,"17":0,"18":0},"f":{"0":0,"1":0,"2":0,"3":0},"b":{"0":[0],"1":[0,0],"2":[0,0]},"_coverageSchema":"1a1c01bbd47fc00a2c39e90264f33305004495a9","hash":"11b6b970e5fbabf5f4f111441e3da3084a298885"}
,"C:\\Work Projects\\Ulbi\\production-project\\src\\entities\\User\\index.ts": {"path":"C:\\Work Projects\\Ulbi\\production-project\\src\\entities\\User\\index.ts","statementMap":{},"fnMap":{},"branchMap":{},"s":{},"f":{},"b":{},"_coverageSchema":"1a1c01bbd47fc00a2c39e90264f33305004495a9","hash":"7acd3b11f3bc599a2fe8ee97128fad132d864086"}
,"C:\\Work Projects\\Ulbi\\production-project\\src\\entities\\User\\model\\consts\\userConsts.ts": {"path":"C:\\Work Projects\\Ulbi\\production-project\\src\\entities\\User\\model\\consts\\userConsts.ts","statementMap":{},"fnMap":{},"branchMap":{},"s":{},"f":{},"b":{},"_coverageSchema":"1a1c01bbd47fc00a2c39e90264f33305004495a9","hash":"8215d8b5de7b8774e8b7b7e9d5db6677e237afe4"}
,"C:\\Work Projects\\Ulbi\\production-project\\src\\entities\\User\\model\\selectors\\roleSelectors.ts": {"path":"C:\\Work Projects\\Ulbi\\production-project\\src\\entities\\User\\model\\selectors\\roleSelectors.ts","statementMap":{"0":{"start":{"line":5,"column":28},"end":{"line":5,"column":77}},"1":{"start":{"line":5,"column":52},"end":{"line":5,"column":77}},"2":{"start":{"line":7,"column":27},"end":{"line":7,"column":99}},"3":{"start":{"line":7,"column":67},"end":{"line":7,"column":98}},"4":{"start":{"line":8,"column":29},"end":{"line":8,"column":103}},"5":{"start":{"line":8,"column":69},"end":{"line":8,"column":102}}},"fnMap":{"0":{"name":"(anonymous_0)","decl":{"start":{"line":5,"column":28},"end":{"line":5,"column":29}},"loc":{"start":{"line":5,"column":52},"end":{"line":5,"column":77}},"line":5},"1":{"name":"(anonymous_1)","decl":{"start":{"line":7,"column":56},"end":{"line":7,"column":57}},"loc":{"start":{"line":7,"column":67},"end":{"line":7,"column":98}},"line":7},"2":{"name":"(anonymous_2)","decl":{"start":{"line":8,"column":58},"end":{"line":8,"column":59}},"loc":{"start":{"line":8,"column":69},"end":{"line":8,"column":102}},"line":8}},"branchMap":{},"s":{"0":5,"1":13,"2":5,"3":0,"4":5,"5":0},"f":{"0":13,"1":0,"2":0},"b":{},"_coverageSchema":"1a1c01bbd47fc00a2c39e90264f33305004495a9","hash":"d3b076ed9468035f265bf5c76ca19ae7c2439615"}
,"C:\\Work Projects\\Ulbi\\production-project\\src\\entities\\User\\model\\selectors\\getUserAuthData\\getUserAuthData.ts": {"path":"C:\\Work Projects\\Ulbi\\production-project\\src\\entities\\User\\model\\selectors\\getUserAuthData\\getUserAuthData.ts","statementMap":{"0":{"start":{"line":3,"column":31},"end":{"line":3,"column":74}},"1":{"start":{"line":3,"column":55},"end":{"line":3,"column":74}}},"fnMap":{"0":{"name":"(anonymous_0)","decl":{"start":{"line":3,"column":31},"end":{"line":3,"column":32}},"loc":{"start":{"line":3,"column":55},"end":{"line":3,"column":74}},"line":3}},"branchMap":{},"s":{"0":5,"1":90},"f":{"0":90},"b":{},"_coverageSchema":"1a1c01bbd47fc00a2c39e90264f33305004495a9","hash":"3c481dff69cd1ede8462c9f6486d059c09628f61"}
,"C:\\Work Projects\\Ulbi\\production-project\\src\\entities\\User\\model\\selectors\\getUserInited\\getUserInited.ts": {"path":"C:\\Work Projects\\Ulbi\\production-project\\src\\entities\\User\\model\\selectors\\getUserInited\\getUserInited.ts","statementMap":{"0":{"start":{"line":3,"column":29},"end":{"line":3,"column":71}},"1":{"start":{"line":3,"column":53},"end":{"line":3,"column":71}}},"fnMap":{"0":{"name":"(anonymous_0)","decl":{"start":{"line":3,"column":29},"end":{"line":3,"column":30}},"loc":{"start":{"line":3,"column":53},"end":{"line":3,"column":71}},"line":3}},"branchMap":{},"s":{"0":5,"1":0},"f":{"0":0},"b":{},"_coverageSchema":"1a1c01bbd47fc00a2c39e90264f33305004495a9","hash":"212f128e72ce28fadb25d5ce8c996d7ce2cc2436"}
,"C:\\Work Projects\\Ulbi\\production-project\\src\\entities\\User\\model\\slice\\userSlice.ts": {"path":"C:\\Work Projects\\Ulbi\\production-project\\src\\entities\\User\\model\\slice\\userSlice.ts","statementMap":{"0":{"start":{"line":6,"column":33},"end":{"line":8,"column":1}},"1":{"start":{"line":10,"column":25},"end":{"line":29,"column":2}},"2":{"start":{"line":15,"column":6},"end":{"line":15,"column":38}},"3":{"start":{"line":18,"column":19},"end":{"line":18,"column":62}},"4":{"start":{"line":19,"column":6},"end":{"line":21,"column":7}},"5":{"start":{"line":20,"column":8},"end":{"line":20,"column":42}},"6":{"start":{"line":22,"column":6},"end":{"line":22,"column":27}},"7":{"start":{"line":25,"column":6},"end":{"line":25,"column":33}},"8":{"start":{"line":26,"column":6},"end":{"line":26,"column":53}},"9":{"start":{"line":36,"column":4},"end":{"line":36,"column":13}}},"fnMap":{"0":{"name":"(anonymous_0)","decl":{"start":{"line":14,"column":17},"end":{"line":14,"column":18}},"loc":{"start":{"line":14,"column":57},"end":{"line":16,"column":5}},"line":14},"1":{"name":"(anonymous_1)","decl":{"start":{"line":17,"column":18},"end":{"line":17,"column":19}},"loc":{"start":{"line":17,"column":29},"end":{"line":23,"column":5}},"line":17},"2":{"name":"(anonymous_2)","decl":{"start":{"line":24,"column":12},"end":{"line":24,"column":13}},"loc":{"start":{"line":24,"column":23},"end":{"line":27,"column":5}},"line":24}},"branchMap":{"0":{"loc":{"start":{"line":19,"column":6},"end":{"line":21,"column":7}},"type":"if","locations":[{"start":{"line":19,"column":6},"end":{"line":21,"column":7}},{"start":{},"end":{}}],"line":19}},"s":{"0":5,"1":5,"2":0,"3":0,"4":0,"5":0,"6":0,"7":0,"8":0,"9":5},"f":{"0":0,"1":0,"2":0},"b":{"0":[0,0]},"_coverageSchema":"1a1c01bbd47fc00a2c39e90264f33305004495a9","hash":"4ab300df50842d80aedaea6f7974265bae73b6f7"}
,"C:\\Work Projects\\Ulbi\\production-project\\src\\features\\AuthByUsername\\model\\selectors\\getLoginError\\getLoginError.ts": {"path":"C:\\Work Projects\\Ulbi\\production-project\\src\\features\\AuthByUsername\\model\\selectors\\getLoginError\\getLoginError.ts","statementMap":{"0":{"start":{"line":3,"column":29},"end":{"line":3,"column":76}},"1":{"start":{"line":3,"column":53},"end":{"line":3,"column":76}}},"fnMap":{"0":{"name":"(anonymous_0)","decl":{"start":{"line":3,"column":29},"end":{"line":3,"column":30}},"loc":{"start":{"line":3,"column":53},"end":{"line":3,"column":76}},"line":3}},"branchMap":{},"s":{"0":1,"1":2},"f":{"0":2},"b":{},"_coverageSchema":"1a1c01bbd47fc00a2c39e90264f33305004495a9","hash":"8dc3d34af92ab56f735b8e33bbc7497cbdf91b85"}
,"C:\\Work Projects\\Ulbi\\production-project\\src\\features\\AuthByUsername\\model\\selectors\\getLoginIsLoading\\getLoginIsLoading.ts": {"path":"C:\\Work Projects\\Ulbi\\production-project\\src\\features\\AuthByUsername\\model\\selectors\\getLoginIsLoading\\getLoginIsLoading.ts","statementMap":{"0":{"start":{"line":3,"column":33},"end":{"line":3,"column":93}},"1":{"start":{"line":3,"column":57},"end":{"line":3,"column":93}}},"fnMap":{"0":{"name":"(anonymous_0)","decl":{"start":{"line":3,"column":33},"end":{"line":3,"column":34}},"loc":{"start":{"line":3,"column":57},"end":{"line":3,"column":93}},"line":3}},"branchMap":{"0":{"loc":{"start":{"line":3,"column":57},"end":{"line":3,"column":93}},"type":"binary-expr","locations":[{"start":{"line":3,"column":57},"end":{"line":3,"column":84}},{"start":{"line":3,"column":88},"end":{"line":3,"column":93}}],"line":3}},"s":{"0":1,"1":2},"f":{"0":2},"b":{"0":[2,1]},"_coverageSchema":"1a1c01bbd47fc00a2c39e90264f33305004495a9","hash":"3415dbbb0136204e4347decbd597759a5f611858"}
,"C:\\Work Projects\\Ulbi\\production-project\\src\\features\\AuthByUsername\\model\\selectors\\getLoginPassword\\getLoginPassword.ts": {"path":"C:\\Work Projects\\Ulbi\\production-project\\src\\features\\AuthByUsername\\model\\selectors\\getLoginPassword\\getLoginPassword.ts","statementMap":{"0":{"start":{"line":3,"column":32},"end":{"line":3,"column":88}},"1":{"start":{"line":3,"column":56},"end":{"line":3,"column":88}}},"fnMap":{"0":{"name":"(anonymous_0)","decl":{"start":{"line":3,"column":32},"end":{"line":3,"column":33}},"loc":{"start":{"line":3,"column":56},"end":{"line":3,"column":88}},"line":3}},"branchMap":{"0":{"loc":{"start":{"line":3,"column":56},"end":{"line":3,"column":88}},"type":"binary-expr","locations":[{"start":{"line":3,"column":56},"end":{"line":3,"column":82}},{"start":{"line":3,"column":86},"end":{"line":3,"column":88}}],"line":3}},"s":{"0":1,"1":2},"f":{"0":2},"b":{"0":[2,1]},"_coverageSchema":"1a1c01bbd47fc00a2c39e90264f33305004495a9","hash":"d0dac3e9c38a567219469360197665e8f2697d51"}
,"C:\\Work Projects\\Ulbi\\production-project\\src\\features\\AuthByUsername\\model\\selectors\\getLoginUsername\\getLoginUsername.ts": {"path":"C:\\Work Projects\\Ulbi\\production-project\\src\\features\\AuthByUsername\\model\\selectors\\getLoginUsername\\getLoginUsername.ts","statementMap":{"0":{"start":{"line":3,"column":32},"end":{"line":3,"column":88}},"1":{"start":{"line":3,"column":56},"end":{"line":3,"column":88}}},"fnMap":{"0":{"name":"(anonymous_0)","decl":{"start":{"line":3,"column":32},"end":{"line":3,"column":33}},"loc":{"start":{"line":3,"column":56},"end":{"line":3,"column":88}},"line":3}},"branchMap":{"0":{"loc":{"start":{"line":3,"column":56},"end":{"line":3,"column":88}},"type":"binary-expr","locations":[{"start":{"line":3,"column":56},"end":{"line":3,"column":82}},{"start":{"line":3,"column":86},"end":{"line":3,"column":88}}],"line":3}},"s":{"0":1,"1":2},"f":{"0":2},"b":{"0":[2,1]},"_coverageSchema":"1a1c01bbd47fc00a2c39e90264f33305004495a9","hash":"96bd44b7d04a99b02b0029e2119a34a0bc5cbda3"}
,"C:\\Work Projects\\Ulbi\\production-project\\src\\features\\AuthByUsername\\model\\services\\loginByUsername\\loginByUsername.ts": {"path":"C:\\Work Projects\\Ulbi\\production-project\\src\\features\\AuthByUsername\\model\\services\\loginByUsername\\loginByUsername.ts","statementMap":{"0":{"start":{"line":11,"column":31},"end":{"line":31,"column":1}},"1":{"start":{"line":16,"column":4},"end":{"line":29,"column":5}},"2":{"start":{"line":17,"column":23},"end":{"line":17,"column":63}},"3":{"start":{"line":19,"column":6},"end":{"line":21,"column":7}},"4":{"start":{"line":20,"column":8},"end":{"line":20,"column":26}},"5":{"start":{"line":23,"column":6},"end":{"line":23,"column":81}},"6":{"start":{"line":24,"column":6},"end":{"line":24,"column":55}},"7":{"start":{"line":25,"column":6},"end":{"line":25,"column":27}},"8":{"start":{"line":27,"column":6},"end":{"line":27,"column":21}},"9":{"start":{"line":28,"column":6},"end":{"line":28,"column":38}}},"fnMap":{"0":{"name":"(anonymous_0)","decl":{"start":{"line":15,"column":2},"end":{"line":15,"column":3}},"loc":{"start":{"line":15,"column":69},"end":{"line":30,"column":3}},"line":15}},"branchMap":{"0":{"loc":{"start":{"line":19,"column":6},"end":{"line":21,"column":7}},"type":"if","locations":[{"start":{"line":19,"column":6},"end":{"line":21,"column":7}},{"start":{},"end":{}}],"line":19}},"s":{"0":2,"1":2,"2":2,"3":2,"4":1,"5":1,"6":1,"7":1,"8":1,"9":1},"f":{"0":2},"b":{"0":[1,1]},"_coverageSchema":"1a1c01bbd47fc00a2c39e90264f33305004495a9","hash":"a1d0416a445d88eb018afa2379cf7f6f2a09973c"}
,"C:\\Work Projects\\Ulbi\\production-project\\src\\features\\AuthByUsername\\model\\slice\\loginSlice.ts": {"path":"C:\\Work Projects\\Ulbi\\production-project\\src\\features\\AuthByUsername\\model\\slice\\loginSlice.ts","statementMap":{"0":{"start":{"line":5,"column":34},"end":{"line":9,"column":1}},"1":{"start":{"line":11,"column":26},"end":{"line":36,"column":2}},"2":{"start":{"line":16,"column":6},"end":{"line":16,"column":38}},"3":{"start":{"line":19,"column":6},"end":{"line":19,"column":38}},"4":{"start":{"line":23,"column":4},"end":{"line":34,"column":9}},"5":{"start":{"line":25,"column":8},"end":{"line":25,"column":32}},"6":{"start":{"line":26,"column":8},"end":{"line":26,"column":31}},"7":{"start":{"line":29,"column":8},"end":{"line":29,"column":32}},"8":{"start":{"line":32,"column":8},"end":{"line":32,"column":32}},"9":{"start":{"line":33,"column":8},"end":{"line":33,"column":37}},"10":{"start":{"line":39,"column":41},"end":{"line":39,"column":51}},"11":{"start":{"line":40,"column":41},"end":{"line":40,"column":51}}},"fnMap":{"0":{"name":"(anonymous_0)","decl":{"start":{"line":15,"column":17},"end":{"line":15,"column":18}},"loc":{"start":{"line":15,"column":59},"end":{"line":17,"column":5}},"line":15},"1":{"name":"(anonymous_1)","decl":{"start":{"line":18,"column":17},"end":{"line":18,"column":18}},"loc":{"start":{"line":18,"column":59},"end":{"line":20,"column":5}},"line":18},"2":{"name":"(anonymous_2)","decl":{"start":{"line":22,"column":17},"end":{"line":22,"column":18}},"loc":{"start":{"line":22,"column":30},"end":{"line":35,"column":3}},"line":22},"3":{"name":"(anonymous_3)","decl":{"start":{"line":24,"column":40},"end":{"line":24,"column":41}},"loc":{"start":{"line":24,"column":51},"end":{"line":27,"column":7}},"line":24},"4":{"name":"(anonymous_4)","decl":{"start":{"line":28,"column":42},"end":{"line":28,"column":43}},"loc":{"start":{"line":28,"column":61},"end":{"line":30,"column":7}},"line":28},"5":{"name":"(anonymous_5)","decl":{"start":{"line":31,"column":41},"end":{"line":31,"column":42}},"loc":{"start":{"line":31,"column":60},"end":{"line":34,"column":7}},"line":31}},"branchMap":{},"s":{"0":1,"1":1,"2":1,"3":1,"4":1,"5":0,"6":0,"7":0,"8":0,"9":0,"10":1,"11":1},"f":{"0":1,"1":1,"2":1,"3":0,"4":0,"5":0},"b":{},"_coverageSchema":"1a1c01bbd47fc00a2c39e90264f33305004495a9","hash":"8f0b99d199ed71a915c25ce1f18dd7bb6828b234"}
,"C:\\Work Projects\\Ulbi\\production-project\\src\\features\\LangSwitcher\\index.ts": {"path":"C:\\Work Projects\\Ulbi\\production-project\\src\\features\\LangSwitcher\\index.ts","statementMap":{},"fnMap":{},"branchMap":{},"s":{},"f":{},"b":{},"_coverageSchema":"1a1c01bbd47fc00a2c39e90264f33305004495a9","hash":"88353a6450240ca91b93c56b27aac4c1fa590529"}
,"C:\\Work Projects\\Ulbi\\production-project\\src\\features\\LangSwitcher\\ui\\LangSwitcher.tsx": {"path":"C:\\Work Projects\\Ulbi\\production-project\\src\\features\\LangSwitcher\\ui\\LangSwitcher.tsx","statementMap":{"0":{"start":{"line":11,"column":28},"end":{"line":27,"column":2}},"1":{"start":{"line":12,"column":22},"end":{"line":12,"column":38}},"2":{"start":{"line":14,"column":17},"end":{"line":16,"column":3}},"3":{"start":{"line":15,"column":4},"end":{"line":15,"column":62}},"4":{"start":{"line":18,"column":2},"end":{"line":26,"column":4}}},"fnMap":{"0":{"name":"(anonymous_0)","decl":{"start":{"line":11,"column":33},"end":{"line":11,"column":34}},"loc":{"start":{"line":11,"column":78},"end":{"line":27,"column":1}},"line":11},"1":{"name":"(anonymous_1)","decl":{"start":{"line":14,"column":17},"end":{"line":14,"column":18}},"loc":{"start":{"line":14,"column":29},"end":{"line":16,"column":3}},"line":14}},"branchMap":{"0":{"loc":{"start":{"line":15,"column":24},"end":{"line":15,"column":60}},"type":"cond-expr","locations":[{"start":{"line":15,"column":49},"end":{"line":15,"column":53}},{"start":{"line":15,"column":56},"end":{"line":15,"column":60}}],"line":15},"1":{"loc":{"start":{"line":24,"column":9},"end":{"line":24,"column":41}},"type":"cond-expr","locations":[{"start":{"line":24,"column":17},"end":{"line":24,"column":32}},{"start":{"line":24,"column":35},"end":{"line":24,"column":41}}],"line":24}},"s":{"0":1,"1":3,"2":3,"3":0,"4":3},"f":{"0":3,"1":0},"b":{"0":[0,0],"1":[1,2]},"_coverageSchema":"1a1c01bbd47fc00a2c39e90264f33305004495a9","hash":"498f128726f776172de0a027ee17f12adb06a216"}
,"C:\\Work Projects\\Ulbi\\production-project\\src\\features\\ThemeSwitcher\\index.tsx": {"path":"C:\\Work Projects\\Ulbi\\production-project\\src\\features\\ThemeSwitcher\\index.tsx","statementMap":{},"fnMap":{},"branchMap":{},"s":{},"f":{},"b":{},"_coverageSchema":"1a1c01bbd47fc00a2c39e90264f33305004495a9","hash":"5297b812ce6c300792ac54e3922679f2599c8556"}
,"C:\\Work Projects\\Ulbi\\production-project\\src\\features\\ThemeSwitcher\\ui\\ThemeSwitcher.tsx": {"path":"C:\\Work Projects\\Ulbi\\production-project\\src\\features\\ThemeSwitcher\\ui\\ThemeSwitcher.tsx","statementMap":{"0":{"start":{"line":13,"column":29},"end":{"line":25,"column":2}},"1":{"start":{"line":14,"column":33},"end":{"line":14,"column":43}},"2":{"start":{"line":16,"column":2},"end":{"line":24,"column":4}}},"fnMap":{"0":{"name":"(anonymous_0)","decl":{"start":{"line":13,"column":34},"end":{"line":13,"column":35}},"loc":{"start":{"line":13,"column":73},"end":{"line":25,"column":1}},"line":13}},"branchMap":{"0":{"loc":{"start":{"line":22,"column":7},"end":{"line":22,"column":58}},"type":"cond-expr","locations":[{"start":{"line":22,"column":30},"end":{"line":22,"column":42}},{"start":{"line":22,"column":45},"end":{"line":22,"column":58}}],"line":22}},"s":{"0":1,"1":2,"2":2},"f":{"0":2},"b":{"0":[0,2]},"_coverageSchema":"1a1c01bbd47fc00a2c39e90264f33305004495a9","hash":"f55e429b501d7846154252852c25d91a7692da24"}
,"C:\\Work Projects\\Ulbi\\production-project\\src\\features\\UI\\index.ts": {"path":"C:\\Work Projects\\Ulbi\\production-project\\src\\features\\UI\\index.ts","statementMap":{},"fnMap":{},"branchMap":{},"s":{},"f":{},"b":{},"_coverageSchema":"1a1c01bbd47fc00a2c39e90264f33305004495a9","hash":"348d0449c9dff133e922da25d330b7c2321b1b66"}
,"C:\\Work Projects\\Ulbi\\production-project\\src\\features\\UI\\model\\selectors\\ui.ts": {"path":"C:\\Work Projects\\Ulbi\\production-project\\src\\features\\UI\\model\\selectors\\ui.ts","statementMap":{"0":{"start":{"line":4,"column":27},"end":{"line":4,"column":66}},"1":{"start":{"line":4,"column":51},"end":{"line":4,"column":66}},"2":{"start":{"line":6,"column":33},"end":{"line":10,"column":1}},"3":{"start":{"line":8,"column":40},"end":{"line":8,"column":44}},"4":{"start":{"line":9,"column":20},"end":{"line":9,"column":37}}},"fnMap":{"0":{"name":"(anonymous_0)","decl":{"start":{"line":4,"column":27},"end":{"line":4,"column":28}},"loc":{"start":{"line":4,"column":51},"end":{"line":4,"column":66}},"line":4},"1":{"name":"(anonymous_1)","decl":{"start":{"line":8,"column":2},"end":{"line":8,"column":3}},"loc":{"start":{"line":8,"column":40},"end":{"line":8,"column":44}},"line":8},"2":{"name":"(anonymous_2)","decl":{"start":{"line":9,"column":2},"end":{"line":9,"column":3}},"loc":{"start":{"line":9,"column":20},"end":{"line":9,"column":37}},"line":9}},"branchMap":{"0":{"loc":{"start":{"line":9,"column":20},"end":{"line":9,"column":37}},"type":"binary-expr","locations":[{"start":{"line":9,"column":20},"end":{"line":9,"column":32}},{"start":{"line":9,"column":36},"end":{"line":9,"column":37}}],"line":9}},"s":{"0":3,"1":7,"2":3,"3":7,"4":4},"f":{"0":7,"1":7,"2":4},"b":{"0":[4,4]},"_coverageSchema":"1a1c01bbd47fc00a2c39e90264f33305004495a9","hash":"95f814fe7508bf1105515282157691896923b637"}
,"C:\\Work Projects\\Ulbi\\production-project\\src\\features\\UI\\model\\slice\\UISlice.ts": {"path":"C:\\Work Projects\\Ulbi\\production-project\\src\\features\\UI\\model\\slice\\UISlice.ts","statementMap":{"0":{"start":{"line":4,"column":31},"end":{"line":6,"column":1}},"1":{"start":{"line":8,"column":23},"end":{"line":16,"column":2}},"2":{"start":{"line":13,"column":6},"end":{"line":13,"column":52}},"3":{"start":{"line":18,"column":38},"end":{"line":18,"column":45}},"4":{"start":{"line":19,"column":38},"end":{"line":19,"column":45}}},"fnMap":{"0":{"name":"(anonymous_0)","decl":{"start":{"line":12,"column":23},"end":{"line":12,"column":24}},"loc":{"start":{"line":12,"column":98},"end":{"line":14,"column":5}},"line":12}},"branchMap":{},"s":{"0":3,"1":3,"2":0,"3":3,"4":3},"f":{"0":0},"b":{},"_coverageSchema":"1a1c01bbd47fc00a2c39e90264f33305004495a9","hash":"cc8d44542b5ef6f7801e1d3a1d5fdb19aa1c6eb6"}
,"C:\\Work Projects\\Ulbi\\production-project\\src\\features\\editableProfileCard\\index.ts": {"path":"C:\\Work Projects\\Ulbi\\production-project\\src\\features\\editableProfileCard\\index.ts","statementMap":{},"fnMap":{},"branchMap":{},"s":{},"f":{},"b":{},"_coverageSchema":"1a1c01bbd47fc00a2c39e90264f33305004495a9","hash":"0f390bcdad6fafee3d0f73536e52ffa28e298fa6"}
,"C:\\Work Projects\\Ulbi\\production-project\\src\\features\\editableProfileCard\\model\\consts\\consts.ts": {"path":"C:\\Work Projects\\Ulbi\\production-project\\src\\features\\editableProfileCard\\model\\consts\\consts.ts","statementMap":{},"fnMap":{},"branchMap":{},"s":{},"f":{},"b":{},"_coverageSchema":"1a1c01bbd47fc00a2c39e90264f33305004495a9","hash":"f10cc3f8fcb3a98a2a75921e664013689717c296"}
,"C:\\Work Projects\\Ulbi\\production-project\\src\\features\\editableProfileCard\\model\\selectors\\getProfileData\\getProfileData.ts": {"path":"C:\\Work Projects\\Ulbi\\production-project\\src\\features\\editableProfileCard\\model\\selectors\\getProfileData\\getProfileData.ts","statementMap":{"0":{"start":{"line":3,"column":30},"end":{"line":3,"column":73}},"1":{"start":{"line":3,"column":54},"end":{"line":3,"column":73}}},"fnMap":{"0":{"name":"(anonymous_0)","decl":{"start":{"line":3,"column":30},"end":{"line":3,"column":31}},"loc":{"start":{"line":3,"column":54},"end":{"line":3,"column":73}},"line":3}},"branchMap":{},"s":{"0":3,"1":59},"f":{"0":59},"b":{},"_coverageSchema":"1a1c01bbd47fc00a2c39e90264f33305004495a9","hash":"fad33d0a6d0e25684399a25faa51e7ff587afd74"}
,"C:\\Work Projects\\Ulbi\\production-project\\src\\features\\editableProfileCard\\model\\selectors\\getProfileError\\getProfileError.ts": {"path":"C:\\Work Projects\\Ulbi\\production-project\\src\\features\\editableProfileCard\\model\\selectors\\getProfileError\\getProfileError.ts","statementMap":{"0":{"start":{"line":3,"column":31},"end":{"line":3,"column":75}},"1":{"start":{"line":3,"column":55},"end":{"line":3,"column":75}}},"fnMap":{"0":{"name":"(anonymous_0)","decl":{"start":{"line":3,"column":31},"end":{"line":3,"column":32}},"loc":{"start":{"line":3,"column":55},"end":{"line":3,"column":75}},"line":3}},"branchMap":{},"s":{"0":3,"1":94},"f":{"0":94},"b":{},"_coverageSchema":"1a1c01bbd47fc00a2c39e90264f33305004495a9","hash":"8da8a49687780acba58d0aececf070f7dd4b0e76"}
,"C:\\Work Projects\\Ulbi\\production-project\\src\\features\\editableProfileCard\\model\\selectors\\getProfileForm\\getProfileForm.ts": {"path":"C:\\Work Projects\\Ulbi\\production-project\\src\\features\\editableProfileCard\\model\\selectors\\getProfileForm\\getProfileForm.ts","statementMap":{"0":{"start":{"line":3,"column":30},"end":{"line":3,"column":73}},"1":{"start":{"line":3,"column":54},"end":{"line":3,"column":73}}},"fnMap":{"0":{"name":"(anonymous_0)","decl":{"start":{"line":3,"column":30},"end":{"line":3,"column":31}},"loc":{"start":{"line":3,"column":54},"end":{"line":3,"column":73}},"line":3}},"branchMap":{},"s":{"0":5,"1":65},"f":{"0":65},"b":{},"_coverageSchema":"1a1c01bbd47fc00a2c39e90264f33305004495a9","hash":"343bd1e6fb27db92a9cb4e0898daf728f7cc65c4"}
,"C:\\Work Projects\\Ulbi\\production-project\\src\\features\\editableProfileCard\\model\\selectors\\getProfileIsLoading\\getProfileIsLoading.ts": {"path":"C:\\Work Projects\\Ulbi\\production-project\\src\\features\\editableProfileCard\\model\\selectors\\getProfileIsLoading\\getProfileIsLoading.ts","statementMap":{"0":{"start":{"line":3,"column":35},"end":{"line":3,"column":83}},"1":{"start":{"line":3,"column":59},"end":{"line":3,"column":83}}},"fnMap":{"0":{"name":"(anonymous_0)","decl":{"start":{"line":3,"column":35},"end":{"line":3,"column":36}},"loc":{"start":{"line":3,"column":59},"end":{"line":3,"column":83}},"line":3}},"branchMap":{},"s":{"0":3,"1":87},"f":{"0":87},"b":{},"_coverageSchema":"1a1c01bbd47fc00a2c39e90264f33305004495a9","hash":"cba505ee56b56fc6053e1e9d6d363e58d572e24f"}
,"C:\\Work Projects\\Ulbi\\production-project\\src\\features\\editableProfileCard\\model\\selectors\\getProfileReadonly\\getProfileReadonly.ts": {"path":"C:\\Work Projects\\Ulbi\\production-project\\src\\features\\editableProfileCard\\model\\selectors\\getProfileReadonly\\getProfileReadonly.ts","statementMap":{"0":{"start":{"line":3,"column":34},"end":{"line":3,"column":81}},"1":{"start":{"line":3,"column":58},"end":{"line":3,"column":81}}},"fnMap":{"0":{"name":"(anonymous_0)","decl":{"start":{"line":3,"column":34},"end":{"line":3,"column":35}},"loc":{"start":{"line":3,"column":58},"end":{"line":3,"column":81}},"line":3}},"branchMap":{},"s":{"0":3,"1":128},"f":{"0":128},"b":{},"_coverageSchema":"1a1c01bbd47fc00a2c39e90264f33305004495a9","hash":"c0715a9e120ce9a9aab1ec652b2f584a8f082dee"}
,"C:\\Work Projects\\Ulbi\\production-project\\src\\features\\editableProfileCard\\model\\selectors\\getProfileValidateErrors\\getProfileValidateErrors.ts": {"path":"C:\\Work Projects\\Ulbi\\production-project\\src\\features\\editableProfileCard\\model\\selectors\\getProfileValidateErrors\\getProfileValidateErrors.ts","statementMap":{"0":{"start":{"line":3,"column":40},"end":{"line":3,"column":93}},"1":{"start":{"line":3,"column":64},"end":{"line":3,"column":93}}},"fnMap":{"0":{"name":"(anonymous_0)","decl":{"start":{"line":3,"column":40},"end":{"line":3,"column":41}},"loc":{"start":{"line":3,"column":64},"end":{"line":3,"column":93}},"line":3}},"branchMap":{},"s":{"0":3,"1":92},"f":{"0":92},"b":{},"_coverageSchema":"1a1c01bbd47fc00a2c39e90264f33305004495a9","hash":"974f3d2a07633c021980b9971c7adac80e26eeea"}
,"C:\\Work Projects\\Ulbi\\production-project\\src\\features\\editableProfileCard\\model\\services\\fetchProfileData\\fetchProfileData.ts": {"path":"C:\\Work Projects\\Ulbi\\production-project\\src\\features\\editableProfileCard\\model\\services\\fetchProfileData\\fetchProfileData.ts","statementMap":{"0":{"start":{"line":5,"column":32},"end":{"line":23,"column":1}},"1":{"start":{"line":10,"column":4},"end":{"line":21,"column":5}},"2":{"start":{"line":11,"column":23},"end":{"line":11,"column":70}},"3":{"start":{"line":13,"column":6},"end":{"line":15,"column":7}},"4":{"start":{"line":14,"column":8},"end":{"line":14,"column":26}},"5":{"start":{"line":17,"column":6},"end":{"line":17,"column":27}},"6":{"start":{"line":19,"column":6},"end":{"line":19,"column":21}},"7":{"start":{"line":20,"column":6},"end":{"line":20,"column":38}}},"fnMap":{"0":{"name":"(anonymous_0)","decl":{"start":{"line":9,"column":2},"end":{"line":9,"column":3}},"loc":{"start":{"line":9,"column":60},"end":{"line":22,"column":3}},"line":9}},"branchMap":{"0":{"loc":{"start":{"line":13,"column":6},"end":{"line":15,"column":7}},"type":"if","locations":[{"start":{"line":13,"column":6},"end":{"line":15,"column":7}},{"start":{},"end":{}}],"line":13}},"s":{"0":4,"1":2,"2":2,"3":2,"4":1,"5":1,"6":1,"7":1},"f":{"0":2},"b":{"0":[1,1]},"_coverageSchema":"1a1c01bbd47fc00a2c39e90264f33305004495a9","hash":"c58fe0e03f68dd0416593df2bcbbede83e882960"}
,"C:\\Work Projects\\Ulbi\\production-project\\src\\features\\editableProfileCard\\model\\services\\updateProfileData\\updateProfileData.ts": {"path":"C:\\Work Projects\\Ulbi\\production-project\\src\\features\\editableProfileCard\\model\\services\\updateProfileData\\updateProfileData.ts","statementMap":{"0":{"start":{"line":8,"column":33},"end":{"line":34,"column":1}},"1":{"start":{"line":13,"column":21},"end":{"line":13,"column":47}},"2":{"start":{"line":15,"column":19},"end":{"line":15,"column":48}},"3":{"start":{"line":17,"column":4},"end":{"line":19,"column":5}},"4":{"start":{"line":18,"column":6},"end":{"line":18,"column":37}},"5":{"start":{"line":21,"column":4},"end":{"line":32,"column":5}},"6":{"start":{"line":22,"column":23},"end":{"line":22,"column":83}},"7":{"start":{"line":24,"column":6},"end":{"line":26,"column":7}},"8":{"start":{"line":25,"column":8},"end":{"line":25,"column":26}},"9":{"start":{"line":28,"column":6},"end":{"line":28,"column":27}},"10":{"start":{"line":30,"column":6},"end":{"line":30,"column":21}},"11":{"start":{"line":31,"column":6},"end":{"line":31,"column":66}}},"fnMap":{"0":{"name":"(anonymous_0)","decl":{"start":{"line":12,"column":2},"end":{"line":12,"column":3}},"loc":{"start":{"line":12,"column":62},"end":{"line":33,"column":3}},"line":12}},"branchMap":{"0":{"loc":{"start":{"line":17,"column":4},"end":{"line":19,"column":5}},"type":"if","locations":[{"start":{"line":17,"column":4},"end":{"line":19,"column":5}},{"start":{},"end":{}}],"line":17},"1":{"loc":{"start":{"line":24,"column":6},"end":{"line":26,"column":7}},"type":"if","locations":[{"start":{"line":24,"column":6},"end":{"line":26,"column":7}},{"start":{},"end":{}}],"line":24}},"s":{"0":4,"1":5,"2":5,"3":5,"4":2,"5":3,"6":3,"7":3,"8":1,"9":2,"10":1,"11":1},"f":{"0":5},"b":{"0":[2,3],"1":[1,2]},"_coverageSchema":"1a1c01bbd47fc00a2c39e90264f33305004495a9","hash":"a461816bd1b72f0aee06858265015be78e36de3a"}
,"C:\\Work Projects\\Ulbi\\production-project\\src\\features\\editableProfileCard\\model\\services\\validateProfileData\\validateProfileData.ts": {"path":"C:\\Work Projects\\Ulbi\\production-project\\src\\features\\editableProfileCard\\model\\services\\validateProfileData\\validateProfileData.ts","statementMap":{"0":{"start":{"line":4,"column":35},"end":{"line":27,"column":1}},"1":{"start":{"line":5,"column":2},"end":{"line":7,"column":3}},"2":{"start":{"line":6,"column":4},"end":{"line":6,"column":42}},"3":{"start":{"line":11,"column":6},"end":{"line":11,"column":13}},"4":{"start":{"line":13,"column":41},"end":{"line":13,"column":43}},"5":{"start":{"line":15,"column":2},"end":{"line":17,"column":3}},"6":{"start":{"line":16,"column":4},"end":{"line":16,"column":58}},"7":{"start":{"line":19,"column":2},"end":{"line":21,"column":3}},"8":{"start":{"line":20,"column":4},"end":{"line":20,"column":52}},"9":{"start":{"line":23,"column":2},"end":{"line":25,"column":3}},"10":{"start":{"line":24,"column":4},"end":{"line":24,"column":56}},"11":{"start":{"line":26,"column":2},"end":{"line":26,"column":16}}},"fnMap":{"0":{"name":"(anonymous_0)","decl":{"start":{"line":4,"column":35},"end":{"line":4,"column":36}},"loc":{"start":{"line":4,"column":58},"end":{"line":27,"column":1}},"line":4}},"branchMap":{"0":{"loc":{"start":{"line":5,"column":2},"end":{"line":7,"column":3}},"type":"if","locations":[{"start":{"line":5,"column":2},"end":{"line":7,"column":3}},{"start":{},"end":{}}],"line":5},"1":{"loc":{"start":{"line":15,"column":2},"end":{"line":17,"column":3}},"type":"if","locations":[{"start":{"line":15,"column":2},"end":{"line":17,"column":3}},{"start":{},"end":{}}],"line":15},"2":{"loc":{"start":{"line":15,"column":6},"end":{"line":15,"column":25}},"type":"binary-expr","locations":[{"start":{"line":15,"column":6},"end":{"line":15,"column":12}},{"start":{"line":15,"column":16},"end":{"line":15,"column":25}}],"line":15},"3":{"loc":{"start":{"line":19,"column":2},"end":{"line":21,"column":3}},"type":"if","locations":[{"start":{"line":19,"column":2},"end":{"line":21,"column":3}},{"start":{},"end":{}}],"line":19},"4":{"loc":{"start":{"line":19,"column":6},"end":{"line":19,"column":36}},"type":"binary-expr","locations":[{"start":{"line":19,"column":6},"end":{"line":19,"column":10}},{"start":{"line":19,"column":14},"end":{"line":19,"column":36}}],"line":19},"5":{"loc":{"start":{"line":23,"column":2},"end":{"line":25,"column":3}},"type":"if","locations":[{"start":{"line":23,"column":2},"end":{"line":25,"column":3}},{"start":{},"end":{}}],"line":23}},"s":{"0":5,"1":10,"2":0,"3":10,"4":10,"5":10,"6":4,"7":10,"8":2,"9":10,"10":2,"11":10},"f":{"0":10},"b":{"0":[0,10],"1":[4,6],"2":[10,7],"3":[2,8],"4":[10,8],"5":[2,8]},"_coverageSchema":"1a1c01bbd47fc00a2c39e90264f33305004495a9","hash":"53f90122a110226c1ebbeaef70317de93b8992ed"}
,"C:\\Work Projects\\Ulbi\\production-project\\src\\features\\editableProfileCard\\model\\slice\\profileSlice.ts": {"path":"C:\\Work Projects\\Ulbi\\production-project\\src\\features\\editableProfileCard\\model\\slice\\profileSlice.ts","statementMap":{"0":{"start":{"line":7,"column":36},"end":{"line":12,"column":1}},"1":{"start":{"line":14,"column":28},"end":{"line":64,"column":2}},"2":{"start":{"line":19,"column":6},"end":{"line":19,"column":38}},"3":{"start":{"line":22,"column":6},"end":{"line":22,"column":28}},"4":{"start":{"line":23,"column":6},"end":{"line":23,"column":30}},"5":{"start":{"line":24,"column":6},"end":{"line":24,"column":39}},"6":{"start":{"line":27,"column":6},"end":{"line":30,"column":8}},"7":{"start":{"line":34,"column":4},"end":{"line":62,"column":9}},"8":{"start":{"line":36,"column":8},"end":{"line":36,"column":32}},"9":{"start":{"line":37,"column":8},"end":{"line":37,"column":31}},"10":{"start":{"line":40,"column":8},"end":{"line":40,"column":32}},"11":{"start":{"line":41,"column":8},"end":{"line":41,"column":36}},"12":{"start":{"line":42,"column":8},"end":{"line":42,"column":36}},"13":{"start":{"line":45,"column":8},"end":{"line":45,"column":32}},"14":{"start":{"line":46,"column":8},"end":{"line":46,"column":37}},"15":{"start":{"line":50,"column":8},"end":{"line":50,"column":41}},"16":{"start":{"line":51,"column":8},"end":{"line":51,"column":31}},"17":{"start":{"line":54,"column":8},"end":{"line":54,"column":32}},"18":{"start":{"line":55,"column":8},"end":{"line":55,"column":36}},"19":{"start":{"line":56,"column":8},"end":{"line":56,"column":36}},"20":{"start":{"line":57,"column":8},"end":{"line":57,"column":30}},"21":{"start":{"line":60,"column":8},"end":{"line":60,"column":32}},"22":{"start":{"line":61,"column":8},"end":{"line":61,"column":46}},"23":{"start":{"line":67,"column":43},"end":{"line":67,"column":55}},"24":{"start":{"line":68,"column":43},"end":{"line":68,"column":55}}},"fnMap":{"0":{"name":"(anonymous_0)","decl":{"start":{"line":18,"column":17},"end":{"line":18,"column":18}},"loc":{"start":{"line":18,"column":60},"end":{"line":20,"column":5}},"line":18},"1":{"name":"(anonymous_1)","decl":{"start":{"line":21,"column":16},"end":{"line":21,"column":17}},"loc":{"start":{"line":21,"column":27},"end":{"line":25,"column":5}},"line":21},"2":{"name":"(anonymous_2)","decl":{"start":{"line":26,"column":19},"end":{"line":26,"column":20}},"loc":{"start":{"line":26,"column":62},"end":{"line":31,"column":5}},"line":26},"3":{"name":"(anonymous_3)","decl":{"start":{"line":33,"column":17},"end":{"line":33,"column":18}},"loc":{"start":{"line":33,"column":30},"end":{"line":63,"column":3}},"line":33},"4":{"name":"(anonymous_4)","decl":{"start":{"line":35,"column":41},"end":{"line":35,"column":42}},"loc":{"start":{"line":35,"column":52},"end":{"line":38,"column":7}},"line":35},"5":{"name":"(anonymous_5)","decl":{"start":{"line":39,"column":43},"end":{"line":39,"column":44}},"loc":{"start":{"line":39,"column":62},"end":{"line":43,"column":7}},"line":39},"6":{"name":"(anonymous_6)","decl":{"start":{"line":44,"column":42},"end":{"line":44,"column":43}},"loc":{"start":{"line":44,"column":61},"end":{"line":47,"column":7}},"line":44},"7":{"name":"(anonymous_7)","decl":{"start":{"line":49,"column":42},"end":{"line":49,"column":43}},"loc":{"start":{"line":49,"column":53},"end":{"line":52,"column":7}},"line":49},"8":{"name":"(anonymous_8)","decl":{"start":{"line":53,"column":44},"end":{"line":53,"column":45}},"loc":{"start":{"line":53,"column":63},"end":{"line":58,"column":7}},"line":53},"9":{"name":"(anonymous_9)","decl":{"start":{"line":59,"column":43},"end":{"line":59,"column":44}},"loc":{"start":{"line":59,"column":62},"end":{"line":62,"column":7}},"line":59}},"branchMap":{},"s":{"0":3,"1":3,"2":5,"3":2,"4":2,"5":2,"6":16,"7":3,"8":0,"9":0,"10":0,"11":0,"12":0,"13":0,"14":0,"15":3,"16":3,"17":2,"18":2,"19":2,"20":2,"21":1,"22":1,"23":3,"24":3},"f":{"0":5,"1":2,"2":16,"3":3,"4":0,"5":0,"6":0,"7":3,"8":2,"9":1},"b":{},"_coverageSchema":"1a1c01bbd47fc00a2c39e90264f33305004495a9","hash":"94670043d3e14131e34c2626d82a33ee22e99722"}
,"C:\\Work Projects\\Ulbi\\production-project\\src\\features\\editableProfileCard\\ui\\EditableProfileCard\\EditableProfileCard.tsx": {"path":"C:\\Work Projects\\Ulbi\\production-project\\src\\features\\editableProfileCard\\ui\\EditableProfileCard\\EditableProfileCard.tsx","statementMap":{"0":{"start":{"line":30,"column":31},"end":{"line":32,"column":1}},"1":{"start":{"line":34,"column":35},"end":{"line":123,"column":2}},"2":{"start":{"line":35,"column":28},"end":{"line":35,"column":33}},"3":{"start":{"line":36,"column":16},"end":{"line":36,"column":41}},"4":{"start":{"line":38,"column":19},"end":{"line":38,"column":35}},"5":{"start":{"line":40,"column":19},"end":{"line":40,"column":46}},"6":{"start":{"line":41,"column":20},"end":{"line":41,"column":52}},"7":{"start":{"line":42,"column":16},"end":{"line":42,"column":44}},"8":{"start":{"line":43,"column":19},"end":{"line":43,"column":50}},"9":{"start":{"line":44,"column":25},"end":{"line":44,"column":62}},"10":{"start":{"line":46,"column":34},"end":{"line":52,"column":3}},"11":{"start":{"line":54,"column":2},"end":{"line":58,"column":5}},"12":{"start":{"line":55,"column":4},"end":{"line":57,"column":5}},"13":{"start":{"line":56,"column":6},"end":{"line":56,"column":37}},"14":{"start":{"line":60,"column":28},"end":{"line":62,"column":16}},"15":{"start":{"line":61,"column":4},"end":{"line":61,"column":67}},"16":{"start":{"line":64,"column":27},"end":{"line":66,"column":16}},"17":{"start":{"line":65,"column":4},"end":{"line":65,"column":70}},"18":{"start":{"line":68,"column":22},"end":{"line":70,"column":16}},"19":{"start":{"line":69,"column":4},"end":{"line":69,"column":67}},"20":{"start":{"line":72,"column":23},"end":{"line":74,"column":16}},"21":{"start":{"line":73,"column":4},"end":{"line":73,"column":66}},"22":{"start":{"line":76,"column":27},"end":{"line":78,"column":16}},"23":{"start":{"line":77,"column":4},"end":{"line":77,"column":70}},"24":{"start":{"line":80,"column":25},"end":{"line":82,"column":16}},"25":{"start":{"line":81,"column":4},"end":{"line":81,"column":68}},"26":{"start":{"line":84,"column":27},"end":{"line":86,"column":16}},"27":{"start":{"line":85,"column":4},"end":{"line":85,"column":64}},"28":{"start":{"line":88,"column":26},"end":{"line":90,"column":16}},"29":{"start":{"line":89,"column":4},"end":{"line":89,"column":63}},"30":{"start":{"line":92,"column":2},"end":{"line":122,"column":4}},"31":{"start":{"line":98,"column":10},"end":{"line":103,"column":12}}},"fnMap":{"0":{"name":"(anonymous_0)","decl":{"start":{"line":34,"column":40},"end":{"line":34,"column":41}},"loc":{"start":{"line":34,"column":77},"end":{"line":123,"column":1}},"line":34},"1":{"name":"(anonymous_1)","decl":{"start":{"line":54,"column":19},"end":{"line":54,"column":20}},"loc":{"start":{"line":54,"column":25},"end":{"line":58,"column":3}},"line":54},"2":{"name":"(anonymous_2)","decl":{"start":{"line":60,"column":40},"end":{"line":60,"column":41}},"loc":{"start":{"line":60,"column":59},"end":{"line":62,"column":3}},"line":60},"3":{"name":"(anonymous_3)","decl":{"start":{"line":64,"column":39},"end":{"line":64,"column":40}},"loc":{"start":{"line":64,"column":58},"end":{"line":66,"column":3}},"line":64},"4":{"name":"(anonymous_4)","decl":{"start":{"line":68,"column":34},"end":{"line":68,"column":35}},"loc":{"start":{"line":68,"column":53},"end":{"line":70,"column":3}},"line":68},"5":{"name":"(anonymous_5)","decl":{"start":{"line":72,"column":35},"end":{"line":72,"column":36}},"loc":{"start":{"line":72,"column":54},"end":{"line":74,"column":3}},"line":72},"6":{"name":"(anonymous_6)","decl":{"start":{"line":76,"column":39},"end":{"line":76,"column":40}},"loc":{"start":{"line":76,"column":58},"end":{"line":78,"column":3}},"line":76},"7":{"name":"(anonymous_7)","decl":{"start":{"line":80,"column":37},"end":{"line":80,"column":38}},"loc":{"start":{"line":80,"column":56},"end":{"line":82,"column":3}},"line":80},"8":{"name":"(anonymous_8)","decl":{"start":{"line":84,"column":39},"end":{"line":84,"column":40}},"loc":{"start":{"line":84,"column":60},"end":{"line":86,"column":3}},"line":84},"9":{"name":"(anonymous_9)","decl":{"start":{"line":88,"column":38},"end":{"line":88,"column":39}},"loc":{"start":{"line":88,"column":58},"end":{"line":90,"column":3}},"line":88},"10":{"name":"(anonymous_10)","decl":{"start":{"line":97,"column":54},"end":{"line":97,"column":55}},"loc":{"start":{"line":98
[...]
,"C:\\Work Projects\\Ulbi\\production-project\\src\\shared\\ui\\Stack\\index.ts": {"path":"C:\\Work Projects\\Ulbi\\production-project\\src\\shared\\ui\\Stack\\index.ts","statementMap":{},"fnMap":{},"branchMap":{},"s":{},"f":{},"b":{},"_coverageSchema":"1a1c01bbd47fc00a2c39e90264f33305004495a9","hash":"ba2ac30b12f17a7d785be84ea89ad44deac393a5"}
,"C:\\Work Projects\\Ulbi\\production-project\\src\\shared\\ui\\Stack\\Flex\\Flex.tsx": {"path":"C:\\Work Projects\\Ulbi\\production-project\\src\\shared\\ui\\Stack\\Flex\\Flex.tsx","statementMap":{"0":{"start":{"line":10,"column":52},"end":{"line":15,"column":1}},"1":{"start":{"line":17,"column":48},"end":{"line":21,"column":1}},"2":{"start":{"line":23,"column":56},"end":{"line":26,"column":1}},"3":{"start":{"line":28,"column":44},"end":{"line":33,"column":1}},"4":{"start":{"line":45,"column":20},"end":{"line":74,"column":1}},"5":{"start":{"line":55,"column":6},"end":{"line":55,"column":11}},"6":{"start":{"line":57,"column":18},"end":{"line":63,"column":3}},"7":{"start":{"line":65,"column":21},"end":{"line":67,"column":3}},"8":{"start":{"line":69,"column":2},"end":{"line":73,"column":4}}},"fnMap":{"0":{"name":"(anonymous_0)","decl":{"start":{"line":45,"column":20},"end":{"line":45,"column":21}},"loc":{"start":{"line":45,"column":42},"end":{"line":74,"column":1}},"line":45}},"branchMap":{"0":{"loc":{"start":{"line":49,"column":4},"end":{"line":49,"column":21}},"type":"default-arg","locations":[{"start":{"line":49,"column":14},"end":{"line":49,"column":21}}],"line":49},"1":{"loc":{"start":{"line":50,"column":4},"end":{"line":50,"column":20}},"type":"default-arg","locations":[{"start":{"line":50,"column":12},"end":{"line":50,"column":20}}],"line":50},"2":{"loc":{"start":{"line":51,"column":4},"end":{"line":51,"column":21}},"type":"default-arg","locations":[{"start":{"line":51,"column":16},"end":{"line":51,"column":21}}],"line":51},"3":{"loc":{"start":{"line":62,"column":4},"end":{"line":62,"column":26}},"type":"binary-expr","locations":[{"start":{"line":62,"column":4},"end":{"line":62,"column":7}},{"start":{"line":62,"column":11},"end":{"line":62,"column":26}}],"line":62}},"s":{"0":11,"1":11,"2":11,"3":11,"4":11,"5":106,"6":106,"7":106,"8":106},"f":{"0":106},"b":{"0":[92],"1":[45],"2":[0],"3":[106,92]},"_coverageSchema":"1a1c01bbd47fc00a2c39e90264f33305004495a9","hash":"e6515aaa2ae290a512aed28aedcf42f68625800f"}
,"C:\\Work Projects\\Ulbi\\production-project\\src\\shared\\ui\\Stack\\HStack\\HStack.tsx": {"path":"C:\\Work Projects\\Ulbi\\production-project\\src\\shared\\ui\\Stack\\HStack\\HStack.tsx","statementMap":{"0":{"start":{"line":5,"column":22},"end":{"line":9,"column":1}},"1":{"start":{"line":6,"column":2},"end":{"line":8,"column":4}}},"fnMap":{"0":{"name":"(anonymous_0)","decl":{"start":{"line":5,"column":22},"end":{"line":5,"column":23}},"loc":{"start":{"line":5,"column":46},"end":{"line":9,"column":1}},"line":5}},"branchMap":{},"s":{"0":11,"1":45},"f":{"0":45},"b":{},"_coverageSchema":"1a1c01bbd47fc00a2c39e90264f33305004495a9","hash":"e47a1c761c76e718c5704a1f8475ce9145391acb"}
,"C:\\Work Projects\\Ulbi\\production-project\\src\\shared\\ui\\Stack\\VStack\\VStack.tsx": {"path":"C:\\Work Projects\\Ulbi\\production-project\\src\\shared\\ui\\Stack\\VStack\\VStack.tsx","statementMap":{"0":{"start":{"line":5,"column":22},"end":{"line":10,"column":1}},"1":{"start":{"line":6,"column":30},"end":{"line":6,"column":35}},"2":{"start":{"line":7,"column":2},"end":{"line":9,"column":4}}},"fnMap":{"0":{"name":"(anonymous_0)","decl":{"start":{"line":5,"column":22},"end":{"line":5,"column":23}},"loc":{"start":{"line":5,"column":46},"end":{"line":10,"column":1}},"line":5}},"branchMap":{"0":{"loc":{"start":{"line":6,"column":10},"end":{"line":6,"column":25}},"type":"default-arg","locations":[{"start":{"line":6,"column":18},"end":{"line":6,"column":25}}],"line":6}},"s":{"0":11,"1":61,"2":61},"f":{"0":61},"b":{"0":[61]},"_coverageSchema":"1a1c01bbd47fc00a2c39e90264f33305004495a9","hash":"cc17d2396803ebf1428474dd217b8f02d7c4945d"}
,"C:\\Work Projects\\Ulbi\\production-project\\src\\shared\\ui\\StarRating\\StarRating.tsx": {"path":"C:\\Work Projects\\Ulbi\\production-project\\src\\shared\\ui\\StarRating\\StarRating.tsx","statementMap":{"0":{"start":{"line":14,"column":14},"end":{"line":14,"column":29}},"1":{"start":{"line":16,"column":26},"end":{"line":60,"column":2}},"2":{"start":{"line":19,"column":38},"end":{"line":19,"column":70}},"3":{"start":{"line":20,"column":52},"end":{"line":20,"column":75}},"4":{"start":{"line":22,"column":18},"end":{"line":26,"column":3}},"5":{"start":{"line":22,"column":42},"end":{"line":26,"column":3}},"6":{"start":{"line":23,"column":4},"end":{"line":25,"column":5}},"7":{"start":{"line":24,"column":6},"end":{"line":24,"column":39}},"8":{"start":{"line":28,"column":18},"end":{"line":32,"column":3}},"9":{"start":{"line":29,"column":4},"end":{"line":31,"column":5}},"10":{"start":{"line":30,"column":6},"end":{"line":30,"column":30}},"11":{"start":{"line":34,"column":18},"end":{"line":40,"column":3}},"12":{"start":{"line":34,"column":42},"end":{"line":40,"column":3}},"13":{"start":{"line":35,"column":4},"end":{"line":39,"column":5}},"14":{"start":{"line":36,"column":6},"end":{"line":36,"column":26}},"15":{"start":{"line":37,"column":6},"end":{"line":37,"column":39}},"16":{"start":{"line":38,"column":6},"end":{"line":38,"column":29}},"17":{"start":{"line":42,"column":2},"end":{"line":59,"column":4}},"18":{"start":{"line":45,"column":8},"end":{"line":56,"column":10}}},"fnMap":{"0":{"name":"(anonymous_0)","decl":{"start":{"line":16,"column":31},"end":{"line":16,"column":32}},"loc":{"start":{"line":18,"column":23},"end":{"line":60,"column":1}},"line":18},"1":{"name":"(anonymous_1)","decl":{"start":{"line":22,"column":18},"end":{"line":22,"column":19}},"loc":{"start":{"line":22,"column":42},"end":{"line":26,"column":3}},"line":22},"2":{"name":"(anonymous_2)","decl":{"start":{"line":22,"column":42},"end":{"line":22,"column":43}},"loc":{"start":{"line":22,"column":48},"end":{"line":26,"column":3}},"line":22},"3":{"name":"(anonymous_3)","decl":{"start":{"line":28,"column":18},"end":{"line":28,"column":19}},"loc":{"start":{"line":28,"column":24},"end":{"line":32,"column":3}},"line":28},"4":{"name":"(anonymous_4)","decl":{"start":{"line":34,"column":18},"end":{"line":34,"column":19}},"loc":{"start":{"line":34,"column":42},"end":{"line":40,"column":3}},"line":34},"5":{"name":"(anonymous_5)","decl":{"start":{"line":34,"column":42},"end":{"line":34,"column":43}},"loc":{"start":{"line":34,"column":48},"end":{"line":40,"column":3}},"line":34},"6":{"name":"(anonymous_6)","decl":{"start":{"line":44,"column":17},"end":{"line":44,"column":18}},"loc":{"start":{"line":45,"column":8},"end":{"line":56,"column":10}},"line":45}},"branchMap":{"0":{"loc":{"start":{"line":17,"column":23},"end":{"line":17,"column":40}},"type":"default-arg","locations":[{"start":{"line":17,"column":39},"end":{"line":17,"column":40}}],"line":17},"1":{"loc":{"start":{"line":17,"column":42},"end":{"line":17,"column":51}},"type":"default-arg","locations":[{"start":{"line":17,"column":49},"end":{"line":17,"column":51}}],"line":17},"2":{"loc":{"start":{"line":23,"column":4},"end":{"line":25,"column":5}},"type":"if","locations":[{"start":{"line":23,"column":4},"end":{"line":25,"column":5}},{"start":{},"end":{}}],"line":23},"3":{"loc":{"start":{"line":29,"column":4},"end":{"line":31,"column":5}},"type":"if","locations":[{"start":{"line":29,"column":4},"end":{"line":31,"column":5}},{"start":{},"end":{}}],"line":29},"4":{"loc":{"start":{"line":35,"column":4},"end":{"line":39,"column":5}},"type":"if","locations":[{"start":{"line":35,"column":4},"end":{"line":39,"column":5}},{"start":{},"end":{}}],"line":35},"5":{"loc":{"start":{"line":48,"column":32},"end":{"line":48,"column":89}},"type":"cond-expr","locations":[{"start":{"line":48,"column":66},"end":{"line":48,"column":77}},{"start":{"line":48,"column":80},"end":{"line":48,"column":89}}],"line":48}},"s":{"0":1,"1":1,"2":0,"3":0,"4":0,"5":0,"6":0,"7":0,"8":0,"9":0,"10":0,"11":0,"12":0,"13":0,"14":0,"15":0,"16":0,"17":0,"18":0},"f":{"0":0,"1":0,"2":0,"3":0,"4":0,"5":0,"6":0},"b":{"0":[0],"1":[0],"2":[0,0],"3":[0,0],"4":[0,0],"5":[0,0]},"_coverageSchema":"1a1c01bbd47fc00a2c39e90264f33305004495a9","hash":"d2c63c6e2eedb78434df7ea0862084127310f781"}
,"C:\\Work Projects\\Ulbi\\production-project\\src\\shared\\ui\\StarRating\\index.ts": {"path":"C:\\Work Projects\\Ulbi\\production-project\\src\\shared\\ui\\StarRating\\index.ts","statementMap":{},"fnMap":{},"branchMap":{},"s":{},"f":{},"b":{},"_coverageSchema":"1a1c01bbd47fc00a2c39e90264f33305004495a9","hash":"26c393b6f53cacf5e941a383779573120838dc12"}
,"C:\\Work Projects\\Ulbi\\production-project\\src\\shared\\ui\\Text\\Text.tsx": {"path":"C:\\Work Projects\\Ulbi\\production-project\\src\\shared\\ui\\Text\\Text.tsx","statementMap":{"0":{"start":{"line":33,"column":20},"end":{"line":50,"column":2}},"1":{"start":{"line":42,"column":6},"end":{"line":42,"column":11}},"2":{"start":{"line":44,"column":2},"end":{"line":49,"column":4}}},"fnMap":{"0":{"name":"(anonymous_0)","decl":{"start":{"line":33,"column":25},"end":{"line":33,"column":26}},"loc":{"start":{"line":33,"column":47},"end":{"line":50,"column":1}},"line":33}},"branchMap":{"0":{"loc":{"start":{"line":38,"column":4},"end":{"line":38,"column":29}},"type":"default-arg","locations":[{"start":{"line":38,"column":12},"end":{"line":38,"column":29}}],"line":38},"1":{"loc":{"start":{"line":39,"column":4},"end":{"line":39,"column":26}},"type":"default-arg","locations":[{"start":{"line":39,"column":12},"end":{"line":39,"column":26}}],"line":39},"2":{"loc":{"start":{"line":40,"column":4},"end":{"line":40,"column":21}},"type":"default-arg","locations":[{"start":{"line":40,"column":11},"end":{"line":40,"column":21}}],"line":40},"3":{"loc":{"start":{"line":41,"column":4},"end":{"line":41,"column":23}},"type":"default-arg","locations":[{"start":{"line":41,"column":17},"end":{"line":41,"column":23}}],"line":41},"4":{"loc":{"start":{"line":46,"column":7},"end":{"line":46,"column":89}},"type":"binary-expr","locations":[{"start":{"line":46,"column":7},"end":{"line":46,"column":12}},{"start":{"line":46,"column":16},"end":{"line":46,"column":89}}],"line":46},"5":{"loc":{"start":{"line":47,"column":7},"end":{"line":47,"column":89}},"type":"binary-expr","locations":[{"start":{"line":47,"column":7},"end":{"line":47,"column":11}},{"start":{"line":47,"column":15},"end":{"line":47,"column":89}}],"line":47}},"s":{"0":4,"1":6,"2":6},"f":{"0":6},"b":{"0":[5],"1":[6],"2":[6],"3":[5],"4":[6,5],"5":[6,1]},"_coverageSchema":"1a1c01bbd47fc00a2c39e90264f33305004495a9","hash":"15f6b3ce533a8f21c20dd3ea7d152c113dfc9f4b"}
,"C:\\Work Projects\\Ulbi\\production-project\\src\\shared\\ui\\Text\\index.ts": {"path":"C:\\Work Projects\\Ulbi\\production-project\\src\\shared\\ui\\Text\\index.ts","statementMap":{},"fnMap":{},"branchMap":{},"s":{},"f":{},"b":{},"_coverageSchema":"1a1c01bbd47fc00a2c39e90264f33305004495a9","hash":"5811e642489ad8cbfc76b72d56a765618daec956"}
,"C:\\Work Projects\\Ulbi\\production-project\\src\\widgets\\Page\\index.ts": {"path":"C:\\Work Projects\\Ulbi\\production-project\\src\\widgets\\Page\\index.ts","statementMap":{},"fnMap":{},"branchMap":{},"s":{},"f":{},"b":{},"_coverageSchema":"1a1c01bbd47fc00a2c39e90264f33305004495a9","hash":"dc3cfd1c297187f0eb863db4bd42d58cc3450a0b"}
,"C:\\Work Projects\\Ulbi\\production-project\\src\\widgets\\Page\\ui\\Page.tsx": {"path":"C:\\Work Projects\\Ulbi\\production-project\\src\\widgets\\Page\\ui\\Page.tsx","statementMap":{"0":{"start":{"line":22,"column":23},"end":{"line":22,"column":32}},"1":{"start":{"line":24,"column":20},"end":{"line":64,"column":2}},"2":{"start":{"line":25,"column":47},"end":{"line":25,"column":52}},"3":{"start":{"line":27,"column":21},"end":{"line":27,"column":62}},"4":{"start":{"line":28,"column":21},"end":{"line":28,"column":65}},"5":{"start":{"line":29,"column":19},"end":{"line":29,"column":35}},"6":{"start":{"line":30,"column":23},"end":{"line":30,"column":36}},"7":{"start":{"line":32,"column":25},"end":{"line":32,"column":96}},"8":{"start":{"line":32,"column":61},"end":{"line":32,"column":95}},"9":{"start":{"line":34,"column":2},"end":{"line":40,"column":5}},"10":{"start":{"line":38,"column":6},"end":{"line":38,"column":22}},"11":{"start":{"line":42,"column":2},"end":{"line":44,"column":5}},"12":{"start":{"line":43,"column":4},"end":{"line":43,"column":50}},"13":{"start":{"line":45,"column":19},"end":{"line":50,"column":9}},"14":{"start":{"line":46,"column":4},"end":{"line":49,"column":8}},"15":{"start":{"line":52,"column":2},"end":{"line":63,"column":4}}},"fnMap":{"0":{"name":"(anonymous_0)","decl":{"start":{"line":24,"column":25},"end":{"line":24,"column":26}},"loc":{"start":{"line":24,"column":47},"end":{"line":64,"column":1}},"line":24},"1":{"name":"(anonymous_1)","decl":{"start":{"line":32,"column":37},"end":{"line":32,"column":38}},"loc":{"start":{"line":32,"column":61},"end":{"line":32,"column":95}},"line":32},"2":{"name":"(anonymous_2)","decl":{"start":{"line":37,"column":14},"end":{"line":37,"column":15}},"loc":{"start":{"line":37,"column":20},"end":{"line":39,"column":5}},"line":37},"3":{"name":"(anonymous_3)","decl":{"start":{"line":42,"column":19},"end":{"line":42,"column":20}},"loc":{"start":{"line":42,"column":25},"end":{"line":44,"column":3}},"line":42},"4":{"name":"(anonymous_4)","decl":{"start":{"line":45,"column":31},"end":{"line":45,"column":32}},"loc":{"start":{"line":45,"column":63},"end":{"line":50,"column":3}},"line":45}},"branchMap":{"0":{"loc":{"start":{"line":58,"column":19},"end":{"line":58,"column":50}},"type":"binary-expr","locations":[{"start":{"line":58,"column":19},"end":{"line":58,"column":39}},{"start":{"line":58,"column":43},"end":{"line":58,"column":50}}],"line":58}},"s":{"0":1,"1":1,"2":5,"3":4,"4":4,"5":4,"6":4,"7":4,"8":11,"9":4,"10":0,"11":4,"12":0,"13":4,"14":0,"15":4},"f":{"0":5,"1":11,"2":0,"3":0,"4":0},"b":{"0":[4,0]},"_coverageSchema":"1a1c01bbd47fc00a2c39e90264f33305004495a9","hash":"2c5d7fd2f58c04712da41a2641c1a331877232a7"}
,"C:\\Work Projects\\Ulbi\\production-project\\src\\widgets\\PageLoader\\index.ts": {"path":"C:\\Work Projects\\Ulbi\\production-project\\src\\widgets\\PageLoader\\index.ts","statementMap":{},"fnMap":{},"branchMap":{},"s":{},"f":{},"b":{},"_coverageSchema":"1a1c01bbd47fc00a2c39e90264f33305004495a9","hash":"06893250ad0858de0545d6b6bddcca7270cceef6"}
,"C:\\Work Projects\\Ulbi\\production-project\\src\\widgets\\PageLoader\\ui\\PageLoader.tsx": {"path":"C:\\Work Projects\\Ulbi\\production-project\\src\\widgets\\PageLoader\\ui\\PageLoader.tsx","statementMap":{"0":{"start":{"line":9,"column":26},"end":{"line":13,"column":1}},"1":{"start":{"line":10,"column":2},"end":{"line":12,"column":8}}},"fnMap":{"0":{"name":"(anonymous_0)","decl":{"start":{"line":9,"column":26},"end":{"line":9,"column":27}},"loc":{"start":{"line":10,"column":2},"end":{"line":12,"column":8}},"line":10}},"branchMap":{},"s":{"0":1,"1":4},"f":{"0":4},"b":{},"_coverageSchema":"1a1c01bbd47fc00a2c39e90264f33305004495a9","hash":"a771fe811c4275d4b49d4d9c6319e29e8efbacb7"}
,"C:\\Work Projects\\Ulbi\\production-project\\src\\widgets\\Sidebar\\model\\selectors\\getSidebarItems.ts": {"path":"C:\\Work Projects\\Ulbi\\production-project\\src\\widgets\\Sidebar\\model\\selectors\\getSidebarItems.ts","statementMap":{"0":{"start":{"line":12,"column":31},"end":{"line":47,"column":1}},"1":{"start":{"line":15,"column":48},"end":{"line":26,"column":5}},"2":{"start":{"line":28,"column":4},"end":{"line":43,"column":5}},"3":{"start":{"line":29,"column":6},"end":{"line":42,"column":8}},"4":{"start":{"line":45,"column":4},"end":{"line":45,"column":28}}},"fnMap":{"0":{"name":"(anonymous_0)","decl":{"start":{"line":14,"column":2},"end":{"line":14,"column":3}},"loc":{"start":{"line":14,"column":16},"end":{"line":46,"column":3}},"line":14}},"branchMap":{"0":{"loc":{"start":{"line":28,"column":4},"end":{"line":43,"column":5}},"type":"if","locations":[{"start":{"line":28,"column":4},"end":{"line":43,"column":5}},{"start":{},"end":{}}],"line":28}},"s":{"0":1,"1":1,"2":1,"3":0,"4":1},"f":{"0":1},"b":{"0":[0,1]},"_coverageSchema":"1a1c01bbd47fc00a2c39e90264f33305004495a9","hash":"a76a4aafb0fed251edf4964e0f6d136bb19f5626"}
,"C:\\Work Projects\\Ulbi\\production-project\\src\\widgets\\Sidebar\\ui\\Sidebar\\Sidebar.tsx": {"path":"C:\\Work Projects\\Ulbi\\production-project\\src\\widgets\\Sidebar\\ui\\Sidebar\\Sidebar.tsx","statementMap":{"0":{"start":{"line":16,"column":23},"end":{"line":55,"column":2}},"1":{"start":{"line":17,"column":36},"end":{"line":17,"column":51}},"2":{"start":{"line":19,"column":23},"end":{"line":19,"column":51}},"3":{"start":{"line":21,"column":19},"end":{"line":23,"column":3}},"4":{"start":{"line":22,"column":4},"end":{"line":22,"column":34}},"5":{"start":{"line":22,"column":27},"end":{"line":22,"column":32}},"6":{"start":{"line":25,"column":2},"end":{"line":54,"column":4}},"7":{"start":{"line":43,"column":10},"end":{"line":43,"column":75}}},"fnMap":{"0":{"name":"(anonymous_0)","decl":{"start":{"line":16,"column":28},"end":{"line":16,"column":29}},"loc":{"start":{"line":16,"column":61},"end":{"line":55,"column":1}},"line":16},"1":{"name":"(anonymous_1)","decl":{"start":{"line":21,"column":19},"end":{"line":21,"column":20}},"loc":{"start":{"line":21,"column":25},"end":{"line":23,"column":3}},"line":21},"2":{"name":"(anonymous_2)","decl":{"start":{"line":22,"column":17},"end":{"line":22,"column":18}},"loc":{"start":{"line":22,"column":27},"end":{"line":22,"column":32}},"line":22},"3":{"name":"(anonymous_3)","decl":{"start":{"line":42,"column":26},"end":{"line":42,"column":27}},"loc":{"start":{"line":43,"column":10},"end":{"line":43,"column":75}},"line":43}},"branchMap":{"0":{"loc":{"start":{"line":38,"column":9},"end":{"line":38,"column":30}},"type":"cond-expr","locations":[{"start":{"line":38,"column":21},"end":{"line":38,"column":24}},{"start":{"line":38,"column":27},"end":{"line":38,"column":30}}],"line":38}},"s":{"0":1,"1":3,"2":3,"3":3,"4":1,"5":1,"6":3,"7":6},"f":{"0":3,"1":1,"2":1,"3":6},"b":{"0":[1,2]},"_coverageSchema":"1a1c01bbd47fc00a2c39e90264f33305004495a9","hash":"f50738cfd5ee1526d72b568cf1420a6f508a92f9"}
,"C:\\Work Projects\\Ulbi\\production-project\\src\\widgets\\Sidebar\\ui\\SidebarItem\\SidebarItem.tsx": {"path":"C:\\Work Projects\\Ulbi\\production-project\\src\\widgets\\Sidebar\\ui\\SidebarItem\\SidebarItem.tsx","statementMap":{"0":{"start":{"line":15,"column":27},"end":{"line":37,"column":2}},"1":{"start":{"line":16,"column":16},"end":{"line":16,"column":32}},"2":{"start":{"line":17,"column":17},"end":{"line":17,"column":45}},"3":{"start":{"line":19,"column":2},"end":{"line":21,"column":3}},"4":{"start":{"line":20,"column":4},"end":{"line":20,"column":16}},"5":{"start":{"line":23,"column":2},"end":{"line":36,"column":4}}},"fnMap":{"0":{"name":"(anonymous_0)","decl":{"start":{"line":15,"column":32},"end":{"line":15,"column":33}},"loc":{"start":{"line":15,"column":75},"end":{"line":37,"column":1}},"line":15}},"branchMap":{"0":{"loc":{"start":{"line":19,"column":2},"end":{"line":21,"column":3}},"type":"if","locations":[{"start":{"line":19,"column":2},"end":{"line":21,"column":3}},{"start":{},"end":{}}],"line":19},"1":{"loc":{"start":{"line":19,"column":6},"end":{"line":19,"column":30}},"type":"binary-expr","locations":[{"start":{"line":19,"column":6},"end":{"line":19,"column":19}},{"start":{"line":19,"column":23},"end":{"line":19,"column":30}}],"line":19}},"s":{"0":1,"1":6,"2":6,"3":6,"4":0,"5":6},"f":{"0":6},"b":{"0":[0,6],"1":[6,0]},"_coverageSchema":"1a1c01bbd47fc00a2c39e90264f33305004495a9","hash":"4f12f906d94b005c5d523ba4acec862884f97a85"}
}
