TN:
SF:config\jest\jestEmptyComponent.tsx
FN:3,(anonymous_0)
FNF:1
FNH:1
FNDA:8,(anonymous_0)
DA:3,5
DA:4,8
LF:2
LH:2
BRF:0
BRH:0
end_of_record
TN:
SF:src\app\providers\StoreProvider\index.ts
FNF:0
FNH:0
LF:0
LH:0
BRF:0
BRH:0
end_of_record
TN:
SF:src\app\providers\StoreProvider\config\reducerManager.ts
FN:8,createReducerManager
FN:16,(anonymous_1)
FN:18,(anonymous_2)
FN:21,(anonymous_3)
FN:29,(anonymous_4)
FN:38,(anonymous_5)
FNF:6
FNH:6
FNDA:12,createReducerManager
FNDA:5,(anonymous_1)
FNDA:51,(anonymous_2)
FNDA:5,(anonymous_3)
FNDA:1,(anonymous_4)
FNDA:5,(anonymous_5)
DA:9,12
DA:11,12
DA:13,12
DA:15,12
DA:16,5
DA:19,51
DA:20,5
DA:21,5
DA:22,5
DA:24,5
DA:26,51
DA:30,1
DA:31,0
DA:34,1
DA:35,1
DA:39,5
DA:40,0
DA:43,5
DA:44,5
DA:45,5
LF:20
LH:18
BRDA:19,0,0,5
BRDA:19,0,1,46
BRDA:30,1,0,0
BRDA:30,1,1,1
BRDA:30,2,0,1
BRDA:30,2,1,1
BRDA:39,3,0,0
BRDA:39,3,1,5
BRDA:39,4,0,5
BRDA:39,4,1,5
BRF:10
BRH:8
end_of_record
TN:
SF:src\app\providers\StoreProvider\config\store.ts
FN:11,createReduxStore
FN:32,(anonymous_1)
FNF:2
FNH:2
FNDA:12,createReduxStore
FNDA:12,(anonymous_1)
DA:15,12
DA:22,12
DA:24,12
DA:28,12
DA:32,12
DA:40,12
DA:42,12
LF:7
LH:7
BRF:0
BRH:0
end_of_record
TN:
SF:src\app\providers\StoreProvider\ui\StoreProvider.tsx
FN:14,(anonymous_0)
FNF:1
FNH:1
FNDA:13,(anonymous_0)
DA:14,3
DA:19,13
DA:23,12
DA:28,12
DA:30,12
LF:5
LH:5
BRF:0
BRH:0
end_of_record
TN:
SF:src\app\providers\router\index.ts
FNF:0
FNH:0
LF:0
LH:0
BRF:0
BRH:0
end_of_record
TN:
SF:src\app\providers\router\routeConfig\routeConfig.tsx
FNF:0
FNH:0
DA:21,1
LF:1
LH:1
BRF:0
BRH:0
end_of_record
TN:
SF:src\app\providers\router\ui\AppRouter.tsx
FN:8,(anonymous_0)
FN:9,(anonymous_1)
FNF:2
FNH:2
FNDA:7,(anonymous_0)
FNDA:60,(anonymous_1)
DA:8,1
DA:9,7
DA:11,60
DA:16,60
DA:27,6
LF:5
LH:5
BRDA:21,0,0,36
BRDA:21,0,1,24
BRF:2
BRH:2
end_of_record
TN:
SF:src\app\providers\router\ui\RequireAuth.tsx
FN:12,RequireAuth
FN:17,(anonymous_1)
FN:21,(anonymous_2)
FNF:3
FNH:3
FNDA:4,RequireAuth
FNDA:4,(anonymous_1)
FNDA:3,(anonymous_2)
DA:13,4
DA:14,4
DA:15,4
DA:17,4
DA:18,4
DA:19,2
DA:21,3
DA:24,4
DA:25,1
DA:27,3
DA:28,1
DA:31,2
LF:12
LH:12
BRDA:18,0,0,2
BRDA:18,0,1,2
BRDA:24,1,0,1
BRDA:24,1,1,3
BRDA:27,2,0,1
BRDA:27,2,1,2
BRF:6
BRH:6
end_of_record
TN:
SF:src\entities\Article\index.ts
FNF:0
FNH:0
LF:0
LH:0
BRF:0
BRH:0
end_of_record
TN:
SF:src\entities\Article\model\consts\article.ts
FNF:0
FNH:0
LF:0
LH:0
BRF:0
BRH:0
end_of_record
TN:
SF:src\entities\Article\model\selectors\articleDetails.ts
FN:4,(anonymous_0)
FN:5,(anonymous_1)
FN:7,(anonymous_2)
FNF:3
FNH:3
FNDA:2,(anonymous_0)
FNDA:1,(anonymous_1)
FNDA:1,(anonymous_2)
DA:4,3
DA:5,3
DA:6,3
DA:7,1
LF:4
LH:4
BRF:0
BRH:0
end_of_record
TN:
SF:src\entities\Article\model\services\fetchArticleById.ts
FN:9,(anonymous_0)
FNF:1
FNH:0
FNDA:0,(anonymous_0)
DA:5,2
DA:10,0
DA:11,0
DA:17,0
DA:18,0
DA:20,0
DA:22,0
DA:23,0
LF:8
LH:1
BRDA:17,0,0,0
BRDA:17,0,1,0
BRF:2
BRH:0
end_of_record
TN:
SF:src\entities\Article\model\slice\articleDetailsSlice.ts
FN:15,(anonymous_0)
FN:17,(anonymous_1)
FN:21,(anonymous_2)
FN:25,(anonymous_3)
FNF:4
FNH:0
FNDA:0,(anonymous_0)
FNDA:0,(anonymous_1)
FNDA:0,(anonymous_2)
FNDA:0,(anonymous_3)
DA:5,2
DA:11,2
DA:16,0
DA:18,0
DA:19,0
DA:22,0
DA:23,0
DA:26,0
DA:27,0
DA:32,2
DA:33,2
LF:11
LH:4
BRF:0
BRH:0
end_of_record
TN:
SF:src\entities\Article\ui\ArticleCodeBlockComponent\ArticleCodeBlockComponent.tsx
FN:12,(anonymous_0)
FNF:1
FNH:0
FNDA:0,(anonymous_0)
DA:12,2
DA:13,0
DA:14,0
LF:3
LH:1
BRF:0
BRH:0
end_of_record
TN:
SF:src\entities\Article\ui\ArticleDetails\ArticleDetails.tsx
FN:38,(anonymous_0)
FN:45,(anonymous_1)
FN:58,(anonymous_2)
FNF:3
FNH:0
FNDA:0,(anonymous_0)
FNDA:0,(anonymous_1)
FNDA:0,(anonymous_2)
DA:34,2
DA:38,2
DA:39,0
DA:40,0
DA:41,0
DA:42,0
DA:43,0
DA:45,0
DA:46,0
DA:48,0
DA:50,0
DA:52,0
DA:54,0
DA:58,0
DA:59,0
DA:60,0
DA:66,0
DA:67,0
DA:76,0
DA:77,0
DA:81,0
DA:108,0
LF:22
LH:2
BRDA:46,0,0,0
BRDA:46,0,1,0
BRDA:46,0,2,0
BRDA:46,0,3,0
BRDA:59,1,0,0
BRDA:59,1,1,0
BRDA:66,2,0,0
BRDA:66,2,1,0
BRDA:76,3,0,0
BRDA:76,3,1,0
BRF:10
BRH:0
end_of_record
TN:
SF:src\entities\Article\ui\ArticleImageBlockComponent\ArticleImageBlockComponent.tsx
FN:12,(anonymous_0)
FNF:1
FNH:0
FNDA:0,(anonymous_0)
DA:12,2
DA:13,0
DA:14,0
LF:3
LH:1
BRDA:17,0,0,0
BRDA:17,0,1,0
BRF:2
BRH:0
end_of_record
TN:
SF:src\entities\Article\ui\ArticleList\ArticleList.tsx
FN:19,(anonymous_0)
FN:25,(anonymous_1)
FN:27,(anonymous_2)
FN:43,(anonymous_3)
FNF:4
FNH:0
FNDA:0,(anonymous_0)
FNDA:0,(anonymous_1)
FNDA:0,(anonymous_2)
FNDA:0,(anonymous_3)
DA:19,2
DA:22,0
DA:23,0
DA:25,0
DA:26,0
DA:28,0
DA:33,0
DA:34,0
DA:41,0
DA:44,0
LF:10
LH:1
BRDA:21,0,0,0
BRDA:27,1,0,0
BRDA:27,1,1,0
BRDA:33,2,0,0
BRDA:33,2,1,0
BRDA:33,3,0,0
BRDA:33,3,1,0
BRDA:52,4,0,0
BRDA:52,4,1,0
BRF:9
BRH:0
end_of_record
TN:
SF:src\entities\Article\ui\ArticleListItem\ArticleListItem.tsx
FN:28,(anonymous_0)
FN:45,(anonymous_1)
FNF:2
FNH:0
FNDA:0,(anonymous_0)
FNDA:0,(anonymous_1)
DA:28,2
DA:31,0
DA:33,0
DA:35,0
DA:41,0
DA:42,0
DA:44,0
DA:45,0
DA:47,0
DA:79,0
LF:10
LH:1
BRDA:44,0,0,0
BRDA:44,0,1,0
BRDA:64,1,0,0
BRDA:64,1,1,0
BRF:4
BRH:0
end_of_record
TN:
SF:src\entities\Article\ui\ArticleListItem\ArticleListItemSkeleton.tsx
FN:13,(anonymous_0)
FNF:1
FNH:0
FNDA:0,(anonymous_0)
DA:13,2
DA:14,0
DA:15,0
DA:36,0
LF:4
LH:1
BRDA:14,0,0,0
BRDA:14,0,1,0
BRF:2
BRH:0
end_of_record
TN:
SF:src\entities\Article\ui\ArticleTextBlockComponent\ArticleTextBlockComponent.tsx
FN:12,(anonymous_0)
FN:17,(anonymous_1)
FNF:2
FNH:0
FNDA:0,(anonymous_0)
FNDA:0,(anonymous_1)
DA:12,2
DA:13,0
DA:14,0
DA:18,0
LF:4
LH:1
BRDA:16,0,0,0
BRDA:16,0,1,0
BRF:2
BRH:0
end_of_record
TN:
SF:src\entities\Country\index.ts
FNF:0
FNH:0
LF:0
LH:0
BRF:0
BRH:0
end_of_record
TN:
SF:src\entities\Country\model\types\country.ts
FNF:0
FNH:0
LF:0
LH:0
BRF:0
BRH:0
end_of_record
TN:
SF:src\entities\Country\ui\CountrySelect\CountrySelect.tsx
FN:22,(anonymous_0)
FN:27,(anonymous_1)
FNF:2
FNH:1
FNDA:13,(anonymous_0)
FNDA:0,(anonymous_1)
DA:7,8
DA:22,8
DA:25,13
DA:27,13
DA:28,0
DA:31,13
LF:6
LH:5
BRF:0
BRH:0
end_of_record
TN:
SF:src\entities\Currency\index.ts
FNF:0
FNH:0
LF:0
LH:0
BRF:0
BRH:0
end_of_record
TN:
SF:src\entities\Currency\model\types\currency.ts
FNF:0
FNH:0
LF:0
LH:0
BRF:0
BRH:0
end_of_record
TN:
SF:src\entities\Currency\ui\CurrencySelect\CurrencySelect.tsx
FN:19,(anonymous_0)
FN:24,(anonymous_1)
FNF:2
FNH:1
FNDA:13,(anonymous_0)
FNDA:0,(anonymous_1)
DA:7,8
DA:19,8
DA:22,13
DA:24,13
DA:25,0
DA:28,13
LF:6
LH:5
BRF:0
BRH:0
end_of_record
TN:
SF:src\entities\Profile\index.ts
FNF:0
FNH:0
LF:0
LH:0
BRF:0
BRH:0
end_of_record
TN:
SF:src\entities\Profile\ui\ProfileCard\ProfileCard.tsx
FN:29,(anonymous_0)
FNF:1
FNH:1
FNDA:30,(anonymous_0)
DA:29,2
DA:44,30
DA:45,30
DA:47,30
DA:48,2
DA:55,28
DA:56,0
DA:68,28
DA:72,28
LF:9
LH:8
BRDA:47,0,0,2
BRDA:47,0,1,28
BRDA:55,1,0,0
BRDA:55,1,1,28
BRDA:74,2,0,28
BRDA:74,2,1,0
BRF:6
BRH:4
end_of_record
TN:
SF:src\entities\Rating\index.ts
FNF:0
FNH:0
LF:0
LH:0
BRF:0
BRH:0
end_of_record
TN:
SF:src\entities\Rating\ui\RatingCard\RatingCard.tsx
FN:25,(anonymous_0)
FN:41,(anonymous_1)
FN:50,(anonymous_2)
FN:55,(anonymous_3)
FNF:4
FNH:0
FNDA:0,(anonymous_0)
FNDA:0,(anonymous_1)
FNDA:0,(anonymous_2)
FNDA:0,(anonymous_3)
DA:25,1
DA:34,0
DA:35,0
DA:37,0
DA:38,0
DA:39,0
DA:41,0
DA:42,0
DA:43,0
DA:44,0
DA:46,0
DA:50,0
DA:51,0
DA:52,0
DA:55,0
DA:56,0
DA:57,0
DA:61,0
DA:74,0
LF:19
LH:1
BRDA:33,0,0,0
BRDA:43,1,0,0
BRDA:43,1,1,0
BRDA:77,2,0,0
BRDA:77,2,1,0
BRF:5
BRH:0
end_of_record
TN:
SF:src\entities\User\index.ts
FNF:0
FNH:0
LF:0
LH:0
BRF:0
BRH:0
end_of_record
TN:
SF:src\entities\User\model\consts\userConsts.ts
FNF:0
FNH:0
LF:0
LH:0
BRF:0
BRH:0
end_of_record
TN:
SF:src\entities\User\model\selectors\roleSelectors.ts
FN:5,(anonymous_0)
FN:7,(anonymous_1)
FN:8,(anonymous_2)
FNF:3
FNH:1
FNDA:13,(anonymous_0)
FNDA:0,(anonymous_1)
FNDA:0,(anonymous_2)
DA:5,13
DA:7,5
DA:8,5
LF:3
LH:3
BRF:0
BRH:0
end_of_record
TN:
SF:src\entities\User\model\selectors\getUserAuthData\getUserAuthData.ts
FN:3,(anonymous_0)
FNF:1
FNH:1
FNDA:90,(anonymous_0)
DA:3,90
LF:1
LH:1
BRF:0
BRH:0
end_of_record
TN:
SF:src\entities\User\model\selectors\getUserInited\getUserInited.ts
FN:3,(anonymous_0)
FNF:1
FNH:0
FNDA:0,(anonymous_0)
DA:3,5
LF:1
LH:1
BRF:0
BRH:0
end_of_record
TN:
SF:src\entities\User\model\slice\userSlice.ts
FN:14,(anonymous_0)
FN:17,(anonymous_1)
FN:24,(anonymous_2)
FNF:3
FNH:0
FNDA:0,(anonymous_0)
FNDA:0,(anonymous_1)
FNDA:0,(anonymous_2)
DA:6,5
DA:10,5
DA:15,0
DA:18,0
DA:19,0
DA:20,0
DA:22,0
DA:25,0
DA:26,0
DA:36,5
LF:10
LH:3
BRDA:19,0,0,0
BRDA:19,0,1,0
BRF:2
BRH:0
end_of_record
TN:
SF:src\features\AuthByUsername\model\selectors\getLoginError\getLoginError.ts
FN:3,(anonymous_0)
FNF:1
FNH:1
FNDA:2,(anonymous_0)
DA:3,2
LF:1
LH:1
BRF:0
BRH:0
end_of_record
TN:
SF:src\features\AuthByUsername\model\selectors\getLoginIsLoading\getLoginIsLoading.ts
FN:3,(anonymous_0)
FNF:1
FNH:1
FNDA:2,(anonymous_0)
DA:3,2
LF:1
LH:1
BRDA:3,0,0,2
BRDA:3,0,1,1
BRF:2
BRH:2
end_of_record
TN:
SF:src\features\AuthByUsername\model\selectors\getLoginPassword\getLoginPassword.ts
FN:3,(anonymous_0)
FNF:1
FNH:1
FNDA:2,(anonymous_0)
DA:3,2
LF:1
LH:1
BRDA:3,0,0,2
BRDA:3,0,1,1
BRF:2
BRH:2
end_of_record
TN:
SF:src\features\AuthByUsername\model\selectors\getLoginUsername\getLoginUsername.ts
FN:3,(anonymous_0)
FNF:1
FNH:1
FNDA:2,(anonymous_0)
DA:3,2
LF:1
LH:1
BRDA:3,0,0,2
BRDA:3,0,1,1
BRF:2
BRH:2
end_of_record
TN:
SF:src\features\AuthByUsername\model\services\loginByUsername\loginByUsername.ts
FN:15,(anonymous_0)
FNF:1
FNH:1
FNDA:2,(anonymous_0)
DA:11,2
DA:16,2
DA:17,2
DA:19,2
DA:20,1
DA:23,1
DA:24,1
DA:25,1
DA:27,1
DA:28,1
LF:10
LH:10
BRDA:19,0,0,1
BRDA:19,0,1,1
BRF:2
BRH:2
end_of_record
TN:
SF:src\features\AuthByUsername\model\slice\loginSlice.ts
FN:15,(anonymous_0)
FN:18,(anonymous_1)
FN:22,(anonymous_2)
FN:24,(anonymous_3)
FN:28,(anonymous_4)
FN:31,(anonymous_5)
FNF:6
FNH:3
FNDA:1,(anonymous_0)
FNDA:1,(anonymous_1)
FNDA:1,(anonymous_2)
FNDA:0,(anonymous_3)
FNDA:0,(anonymous_4)
FNDA:0,(anonymous_5)
DA:5,1
DA:11,1
DA:16,1
DA:19,1
DA:23,1
DA:25,0
DA:26,0
DA:29,0
DA:32,0
DA:33,0
DA:39,1
DA:40,1
LF:12
LH:7
BRF:0
BRH:0
end_of_record
TN:
SF:src\features\LangSwitcher\index.ts
FNF:0
FNH:0
LF:0
LH:0
BRF:0
BRH:0
end_of_record
TN:
SF:src\features\LangSwitcher\ui\LangSwitcher.tsx
FN:11,(anonymous_0)
FN:14,(anonymous_1)
FNF:2
FNH:1
FNDA:3,(anonymous_0)
FNDA:0,(anonymous_1)
DA:11,1
DA:12,3
DA:14,3
DA:15,0
DA:18,3
LF:5
LH:4
BRDA:15,0,0,0
BRDA:15,0,1,0
BRDA:24,1,0,1
BRDA:24,1,1,2
BRF:4
BRH:2
end_of_record
TN:
SF:src\features\ThemeSwitcher\index.tsx
FNF:0
FNH:0
LF:0
LH:0
BRF:0
BRH:0
end_of_record
TN:
SF:src\features\ThemeSwitcher\ui\ThemeSwitcher.tsx
FN:13,(anonymous_0)
FNF:1
FNH:1
FNDA:2,(anonymous_0)
DA:13,1
DA:14,2
DA:16,2
LF:3
LH:3
BRDA:22,0,0,0
BRDA:22,0,1,2
BRF:2
BRH:1
end_of_record
TN:
SF:src\features\UI\index.ts
FNF:0
FNH:0
LF:0
LH:0
BRF:0
BRH:0
end_of_record
TN:
SF:src\features\UI\model\selectors\ui.ts
FN:4,(anonymous_0)
FN:8,(anonymous_1)
FN:9,(anonymous_2)
FNF:3
FNH:3
FNDA:7,(anonymous_0)
FNDA:7,(anonymous_1)
FNDA:4,(anonymous_2)
DA:4,7
DA:6,3
DA:8,7
DA:9,4
LF:4
LH:4
BRDA:9,0,0,4
BRDA:9,0,1,4
BRF:2
BRH:2
end_of_record
TN:
SF:src\features\UI\model\slice\UISlice.ts
FN:12,(anonymous_0)
FNF:1
FNH:0
FNDA:0,(anonymous_0)
DA:4,3
DA:8,3
DA:13,0
DA:18,3
DA:19,3
LF:5
LH:4
BRF:0
BRH:0
end_of_record
TN:
SF:src\features\editableProfileCard\index.ts
FNF:0
FNH:0
LF:0
LH:0
BRF:0
BRH:0
end_of_record
TN:
SF:src\features\editableProfileCard\model\consts\consts.ts
FNF:0
FNH:0
LF:0
LH:0
BRF:0
BRH:0
end_of_record
TN:
SF:src\features\editableProfileCard\model\selectors\getProfileData\getProfileData.ts
FN:3,(anonymous_0)
FNF:1
FNH:1
FNDA:59,(anonymous_0)
DA:3,59
LF:1
LH:1
BRF:0
BRH:0
end_of_record
TN:
SF:src\features\editableProfileCard\model\selectors\getProfileError\getProfileError.ts
FN:3,(anonymous_0)
FNF:1
FNH:1
FNDA:94,(anonymous_0)
DA:3,94
LF:1
LH:1
BRF:0
BRH:0
end_of_record
TN:
SF:src\features\editableProfileCard\model\selectors\getProfileForm\getProfileForm.ts
FN:3,(anonymous_0)
FNF:1
FNH:1
FNDA:65,(anonymous_0)
DA:3,65
LF:1
LH:1
BRF:0
BRH:0
end_of_record
TN:
SF:src\features\editableProfileCard\model\selectors\getProfileIsLoading\getProfileIsLoading.ts
FN:3,(anonymous_0)
FNF:1
FNH:1
FNDA:87,(anonymous_0)
DA:3,87
LF:1
LH:1
BRF:0
BRH:0
end_of_record
TN:
SF:src\features\editableProfileCard\model\selectors\getProfileReadonly\getProfileReadonly.ts
FN:3,(anonymous_0)
FNF:1
FNH:1
FNDA:128,(anonymous_0)
DA:3,128
LF:1
LH:1
BRF:0
BRH:0
end_of_record
TN:
SF:src\features\editableProfileCard\model\selectors\getProfileValidateErrors\getProfileValidateErrors.ts
FN:3,(anonymous_0)
FNF:1
FNH:1
FNDA:92,(anonymous_0)
DA:3,92
LF:1
LH:1
BRF:0
BRH:0
end_of_record
TN:
SF:src\features\editableProfileCard\model\services\fetchProfileData\fetchProfileData.ts
FN:9,(anonymous_0)
FNF:1
FNH:1
FNDA:2,(anonymous_0)
DA:5,4
DA:10,2
DA:11,2
DA:13,2
DA:14,1
DA:17,1
DA:19,1
DA:20,1
LF:8
LH:8
BRDA:13,0,0,1
BRDA:13,0,1,1
BRF:2
BRH:2
end_of_record
TN:
SF:src\features\editableProfileCard\model\services\updateProfileData\updateProfileData.ts
FN:12,(anonymous_0)
FNF:1
FNH:1
FNDA:5,(anonymous_0)
DA:8,4
DA:13,5
DA:15,5
DA:17,5
DA:18,2
DA:21,3
DA:22,3
DA:24,3
DA:25,1
DA:28,2
DA:30,1
DA:31,1
LF:12
LH:12
BRDA:17,0,0,2
BRDA:17,0,1,3
BRDA:24,1,0,1
BRDA:24,1,1,2
BRF:4
BRH:4
end_of_record
TN:
SF:src\features\editableProfileCard\model\services\validateProfileData\validateProfileData.ts
FN:4,(anonymous_0)
FNF:1
FNH:1
FNDA:10,(anonymous_0)
DA:4,5
DA:5,10
DA:6,0
DA:11,10
DA:13,10
DA:15,10
DA:16,4
DA:19,10
DA:20,2
DA:23,10
DA:24,2
DA:26,10
LF:12
LH:11
BRDA:5,0,0,0
BRDA:5,0,1,10
BRDA:15,1,0,4
BRDA:15,1,1,6
BRDA:15,2,0,10
BRDA:15,2,1,7
BRDA:19,3,0,2
BRDA:19,3,1,8
BRDA:19,4,0,10
BRDA:19,4,1,8
BRDA:23,5,0,2
BRDA:23,5,1,8
BRF:12
BRH:11
end_of_record
TN:
SF:src\features\editableProfileCard\model\slice\profileSlice.ts
FN:18,(anonymous_0)
FN:21,(anonymous_1)
FN:26,(anonymous_2)
FN:33,(anonymous_3)
FN:35,(anonymous_4)
FN:39,(anonymous_5)
FN:44,(anonymous_6)
FN:49,(anonymous_7)
FN:53,(anonymous_8)
FN:59,(anonymous_9)
FNF:10
FNH:7
FNDA:5,(anonymous_0)
FNDA:2,(anonymous_1)
FNDA:16,(anonymous_2)
FNDA:3,(anonymous_3)
FNDA:0,(anonymous_4)
FNDA:0,(anonymous_5)
FNDA:0,(anonymous_6)
FNDA:3,(anonymous_7)
FNDA:2,(anonymous_8)
FNDA:1,(anonymous_9)
DA:7,3
DA:14,3
DA:19,5
DA:22,2
DA:23,2
DA:24,2
DA:27,16
DA:34,3
DA:36,0
DA:37,0
DA:40,0
DA:41,0
DA:42,0
DA:45,0
DA:46,0
DA:50,3
DA:51,3
DA:54,2
DA:55,2
DA:56,2
DA:57,2
DA:60,1
DA:61,1
DA:67,3
DA:68,3
LF:25
LH:18
BRF:0
BRH:0
end_of_record
TN:
SF:src\features\editableProfileCard\ui\EditableProfileCard\EditableProfileCard.tsx
FN:34,(anonymous_0)
FN:54,(anonymous_1)
FN:60,(anonymous_2)
FN:64,(anonymous_3)
FN:68,(anonymous_4)
FN:72,(anonymous_5)
FN:76,(anonymous_6)
FN:80,(anonymous_7)
FN:84,(anonymous_8)
FN:88,(anonymous_9)
FN:97,(anonymous_10)
FNF:11
FNH:4
FNDA:30,(anonymous_0)
FNDA:0,(anonymous_1)
FNDA:10,(anonymous_2)
FNDA:5,(anonymous_3)
FNDA:0,(anonymous_4)
FNDA:0,(anonymous_5)
FNDA:0,(anonymous_6)
FNDA:0,(anonymous_7)
FNDA:0,(anonymous_8)
FNDA:0,(anonymous_9)
FNDA:1,(anonymous_10)
DA:30,2
DA:34,2
DA:35,30
DA:36,30
DA:38,30
DA:40,30
DA:41,30
DA:42,30
DA:43,30
DA:44,30
DA:46,30
DA:54,30
DA:55,0
DA:56,0
DA:60,30
DA:61,10
DA:64,30
DA:65,5
DA:68,30
DA:69,0
DA:72,30
DA:73,0
DA:76,30
DA:77,0
DA:80,30
DA:81,0
DA:84,30
DA:85,0
DA:88,30
DA:89,0
DA:92,30
DA:98,1
LF:32
LH:24
BRDA:55,0,0,0
BRDA:55,0,1,0
BRDA:61,1,0,10
BRDA:61,1,1,2
BRDA:65,2,0,5
BRDA:65,2,1,1
BRDA:73,3,0,0
BRDA:73,3,1,0
BRDA:77,4,0,0
BRDA:77,4,1,0
BRDA:81,5,0,0
BRDA:81,5,1,0
BRDA:97,6,0,30
BRDA:97,6,1,1
BRF:14
BRH:6
end_of_record
TN:
SF:src\features\editableProfileCard\ui\EditableProfileCardHeader\EditableProfileCardHeader.tsx
FN:19,(anonymous_0)
FN:28,(anonymous_1)
FN:32,(anonymous_2)
FN:36,(anonymous_3)
FNF:4
FNH:4
FNDA:12,(anonymous_0)
FNDA:4,(anonymous_1)
FNDA:1,(anonymous_2)
FNDA:2,(anonymous_3)
DA:19,2
DA:20,12
DA:21,12
DA:22,12
DA:24,12
DA:25,12
DA:26,12
DA:28,12
DA:29,4
DA:32,12
DA:33,1
DA:36,12
DA:37,2
DA:40,12
LF:14
LH:14
BRDA:43,0,0,12
BRDA:43,0,1,12
BRDA:45,1,0,7
BRDA:45,1,1,5
BRF:4
BRH:4
end_of_record
TN:
SF:src\features\profileRating\index.ts
FNF:0
FNH:0
LF:0
LH:0
BRF:0
BRH:0
end_of_record
TN:
SF:src\features\profileRating\api\profileRatingApi.ts
FN:15,(anonymous_0)
FN:17,(anonymous_1)
FN:26,(anonymous_2)
FNF:3
FNH:2
FNDA:1,(anonymous_0)
FNDA:1,(anonymous_1)
FNDA:0,(anonymous_2)
DA:14,1
DA:15,1
DA:17,1
DA:26,0
DA:35,1
DA:36,1
LF:6
LH:5
BRF:0
BRH:0
end_of_record
TN:
SF:src\features\profileRating\ui\ProfileRating\ProfileRating.tsx
FN:16,(anonymous_0)
FN:26,(anonymous_1)
FNF:2
FNH:1
FNDA:3,(anonymous_0)
FNDA:0,(anonymous_1)
DA:16,1
DA:17,3
DA:19,3
DA:20,3
DA:24,3
DA:26,3
DA:27,0
DA:28,0
DA:35,0
DA:39,3
DA:40,3
DA:42,0
DA:44,0
LF:13
LH:8
BRDA:22,0,0,3
BRDA:22,0,1,3
BRDA:30,1,0,0
BRDA:30,1,1,0
BRDA:39,2,0,3
BRDA:39,2,1,0
BRDA:39,3,0,3
BRDA:39,3,1,1
BRF:8
BRH:5
end_of_record
TN:
SF:src\pages\AboutPage\index.ts
FNF:0
FNH:0
LF:0
LH:0
BRF:0
BRH:0
end_of_record
TN:
SF:src\pages\AboutPage\ui\AboutPage.async.tsx
FN:3,(anonymous_0)
FNF:1
FNH:1
FNDA:1,(anonymous_0)
DA:3,1
LF:1
LH:1
BRF:0
BRH:0
end_of_record
TN:
SF:src\pages\AboutPage\ui\AboutPage.tsx
FN:4,(anonymous_0)
FNF:1
FNH:1
FNDA:1,(anonymous_0)
DA:4,1
DA:5,1
DA:7,1
LF:3
LH:3
BRF:0
BRH:0
end_of_record
TN:
SF:src\pages\AdminPanelPage\index.ts
FNF:0
FNH:0
LF:0
LH:0
BRF:0
BRH:0
end_of_record
TN:
SF:src\pages\AdminPanelPage\ui\AdminPanelPage.async.tsx
FN:3,(anonymous_0)
FNF:1
FNH:1
FNDA:1,(anonymous_0)
DA:3,1
LF:1
LH:1
BRF:0
BRH:0
end_of_record
TN:
SF:src\pages\AdminPanelPage\ui\AdminPanelPage.tsx
FN:9,(anonymous_0)
FNF:1
FNH:1
FNDA:1,(anonymous_0)
DA:9,1
DA:10,1
DA:11,1
LF:3
LH:3
BRF:0
BRH:0
end_of_record
TN:
SF:src\pages\ArticleDetailsPage\index.ts
FNF:0
FNH:0
LF:0
LH:0
BRF:0
BRH:0
end_of_record
TN:
SF:src\pages\ArticleDetailsPage\ui\ArticleDetailsPage\ArticleDetailsPage.async.tsx
FN:3,(anonymous_0)
FNF:1
FNH:0
FNDA:0,(anonymous_0)
DA:3,1
LF:1
LH:1
BRF:0
BRH:0
end_of_record
TN:
SF:src\pages\ArticleEditPage\index.ts
FNF:0
FNH:0
LF:0
LH:0
BRF:0
BRH:0
end_of_record
TN:
SF:src\pages\ArticleEditPage\ui\ArticleEditPage\ArticleEditPage.async.tsx
FN:3,(anonymous_0)
FNF:1
FNH:0
FNDA:0,(anonymous_0)
DA:3,1
LF:1
LH:1
BRF:0
BRH:0
end_of_record
TN:
SF:src\pages\ArticlesPage\index.ts
FNF:0
FNH:0
LF:0
LH:0
BRF:0
BRH:0
end_of_record
TN:
SF:src\pages\ArticlesPage\model\selectors\articlesPageSelectors.ts
FN:4,(anonymous_0)
FN:5,(anonymous_1)
FN:6,(anonymous_2)
FN:7,(anonymous_3)
FN:8,(anonymous_4)
FN:9,(anonymous_5)
FN:10,(anonymous_6)
FN:11,(anonymous_7)
FN:12,(anonymous_8)
FN:13,(anonymous_9)
FN:14,(anonymous_10)
FNF:11
FNH:3
FNDA:3,(anonymous_0)
FNDA:0,(anonymous_1)
FNDA:0,(anonymous_2)
FNDA:3,(anonymous_3)
FNDA:0,(anonymous_4)
FNDA:3,(anonymous_5)
FNDA:0,(anonymous_6)
FNDA:0,(anonymous_7)
FNDA:0,(anonymous_8)
FNDA:0,(anonymous_9)
FNDA:0,(anonymous_10)
DA:4,3
DA:5,2
DA:6,2
DA:7,3
DA:8,2
DA:9,3
DA:10,2
DA:11,2
DA:12,2
DA:13,2
DA:14,2
LF:11
LH:11
BRDA:6,0,0,0
BRDA:6,0,1,0
BRDA:7,1,0,3
BRDA:7,1,1,0
BRDA:11,2,0,0
BRDA:11,2,1,0
BRDA:12,3,0,0
BRDA:12,3,1,0
BRDA:13,4,0,0
BRDA:13,4,1,0
BRDA:14,5,0,0
BRDA:14,5,1,0
BRF:12
BRH:1
end_of_record
TN:
SF:src\pages\ArticlesPage\model\services\fetchArticlesList\fetchArticlesList.ts
FN:18,(anonymous_0)
FNF:1
FNH:0
FNDA:0,(anonymous_0)
DA:14,1
DA:19,0
DA:20,0
DA:21,0
DA:22,0
DA:23,0
DA:24,0
DA:26,0
DA:27,0
DA:31,0
DA:43,0
DA:44,0
DA:46,0
DA:48,0
DA:49,0
LF:15
LH:1
BRDA:39,0,0,0
BRDA:39,0,1,0
BRDA:43,1,0,0
BRDA:43,1,1,0
BRF:4
BRH:0
end_of_record
TN:
SF:src\pages\ArticlesPage\model\services\fetchNextArticles\fetchNextArticles.ts
FN:13,(anonymous_0)
FNF:1
FNH:1
FNDA:3,(anonymous_0)
DA:9,1
DA:14,3
DA:15,3
DA:16,3
DA:18,3
DA:19,1
DA:20,1
LF:7
LH:7
BRDA:18,0,0,1
BRDA:18,0,1,2
BRDA:18,1,0,3
BRDA:18,1,1,2
BRF:4
BRH:4
end_of_record
TN:
SF:src\pages\ArticlesPage\model\slice\articlesPageSlice.ts
FN:12,(anonymous_0)
FN:16,(anonymous_1)
FN:38,(anonymous_2)
FN:42,(anonymous_3)
FN:45,(anonymous_4)
FN:48,(anonymous_5)
FN:51,(anonymous_6)
FN:54,(anonymous_7)
FN:57,(anonymous_8)
FN:64,(anonymous_9)
FN:66,(anonymous_10)
FN:74,(anonymous_11)
FN:84,(anonymous_12)
FNF:13
FNH:0
FNDA:0,(anonymous_0)
FNDA:0,(anonymous_1)
FNDA:0,(anonymous_2)
FNDA:0,(anonymous_3)
FNDA:0,(anonymous_4)
FNDA:0,(anonymous_5)
FNDA:0,(anonymous_6)
FNDA:0,(anonymous_7)
FNDA:0,(anonymous_8)
FNDA:0,(anonymous_9)
FNDA:0,(anonymous_10)
FNDA:0,(anonymous_11)
FNDA:0,(anonymous_12)
DA:11,1
DA:12,0
DA:15,1
DA:16,0
DA:19,1
DA:34,1
DA:39,0
DA:40,0
DA:43,0
DA:46,0
DA:49,0
DA:52,0
DA:55,0
DA:58,0
DA:59,0
DA:60,0
DA:61,0
DA:65,0
DA:67,0
DA:68,0
DA:70,0
DA:71,0
DA:75,0
DA:76,0
DA:78,0
DA:79,0
DA:81,0
DA:85,0
DA:86,0
DA:91,1
DA:92,1
LF:31
LH:6
BRDA:16,0,0,0
BRDA:16,0,1,0
BRDA:58,1,0,0
BRDA:58,1,1,0
BRDA:60,2,0,0
BRDA:60,2,1,0
BRDA:70,3,0,0
BRDA:70,3,1,0
BRDA:76,4,0,0
BRDA:76,4,1,0
BRDA:78,5,0,0
BRDA:78,5,1,0
BRF:12
BRH:0
end_of_record
TN:
SF:src\pages\ArticlesPage\ui\ArticlesPage\ArticlesPage.async.tsx
FN:3,(anonymous_0)
FNF:1
FNH:0
FNDA:0,(anonymous_0)
DA:3,1
LF:1
LH:1
BRF:0
BRH:0
end_of_record
TN:
SF:src\pages\ForbiddenPage\index.ts
FNF:0
FNH:0
LF:0
LH:0
BRF:0
BRH:0
end_of_record
TN:
SF:src\pages\ForbiddenPage\ui\ForbiddenPage.tsx
FN:10,(anonymous_0)
FNF:1
FNH:1
FNDA:1,(anonymous_0)
DA:10,1
DA:11,1
DA:12,1
LF:3
LH:3
BRF:0
BRH:0
end_of_record
TN:
SF:src\pages\MainPage\index.ts
FNF:0
FNH:0
LF:0
LH:0
BRF:0
BRH:0
end_of_record
TN:
SF:src\pages\MainPage\ui\MainPage.async.tsx
FN:3,(anonymous_0)
FNF:1
FNH:1
FNDA:1,(anonymous_0)
DA:3,1
LF:1
LH:1
BRF:0
BRH:0
end_of_record
TN:
SF:src\pages\MainPage\ui\MainPage.tsx
FN:5,(anonymous_0)
FN:9,(anonymous_1)
FNF:2
FNH:1
FNDA:1,(anonymous_0)
FNDA:0,(anonymous_1)
DA:5,1
DA:6,1
DA:7,1
DA:9,1
DA:10,0
DA:13,1
LF:6
LH:5
BRF:0
BRH:0
end_of_record
TN:
SF:src\pages\NotFoundPage\index.ts
FNF:0
FNH:0
LF:0
LH:0
BRF:0
BRH:0
end_of_record
TN:
SF:src\pages\NotFoundPage\ui\NotFoundPage.tsx
FN:10,(anonymous_0)
FNF:1
FNH:1
FNDA:1,(anonymous_0)
DA:10,1
DA:11,1
DA:12,1
LF:3
LH:3
BRF:0
BRH:0
end_of_record
TN:
SF:src\pages\ProfilePage\index.ts
FNF:0
FNH:0
LF:0
LH:0
BRF:0
BRH:0
end_of_record
TN:
SF:src\pages\ProfilePage\ui\ProfilePage.async.tsx
FN:3,(anonymous_0)
FNF:1
FNH:1
FNDA:1,(anonymous_0)
DA:3,1
LF:1
LH:1
BRF:0
BRH:0
end_of_record
TN:
SF:src\pages\ProfilePage\ui\ProfilePage.tsx
FN:13,(anonymous_0)
FNF:1
FNH:1
FNDA:1,(anonymous_0)
DA:13,1
DA:14,1
DA:15,1
DA:17,1
DA:18,0
DA:21,1
LF:6
LH:5
BRDA:17,0,0,0
BRDA:17,0,1,1
BRF:2
BRH:1
end_of_record
TN:
SF:src\shared\api\api.ts
FNF:0
FNH:0
DA:4,3
LF:1
LH:1
BRDA:7,0,0,3
BRDA:7,0,1,3
BRF:2
BRH:2
end_of_record
TN:
SF:src\shared\api\rtkApi.ts
FN:8,(anonymous_0)
FN:16,(anonymous_1)
FNF:2
FNH:2
FNDA:1,(anonymous_0)
FNDA:3,(anonymous_1)
DA:4,3
DA:9,1
DA:10,1
DA:11,0
DA:13,1
DA:16,3
LF:6
LH:5
BRDA:9,0,0,1
BRDA:9,0,1,1
BRDA:10,1,0,0
BRDA:10,1,1,1
BRF:4
BRH:3
end_of_record
TN:
SF:src\shared\config\i18n\i18nForTests.ts
FNF:0
FNH:0
DA:4,3
LF:1
LH:1
BRF:0
BRH:0
end_of_record
TN:
SF:src\shared\const\localstorage.ts
FNF:0
FNH:0
DA:1,6
DA:2,6
DA:3,6
LF:3
LH:3
BRF:0
BRH:0
end_of_record
TN:
SF:src\shared\const\router.ts
FN:16,(anonymous_0)
FN:17,(anonymous_1)
FN:18,(anonymous_2)
FN:19,(anonymous_3)
FN:20,(anonymous_4)
FN:21,(anonymous_5)
FN:22,(anonymous_6)
FN:23,(anonymous_7)
FN:24,(anonymous_8)
FNF:9
FNH:9
FNDA:3,(anonymous_0)
FNDA:3,(anonymous_1)
FNDA:3,(anonymous_2)
FNDA:1,(anonymous_3)
FNDA:1,(anonymous_4)
FNDA:1,(anonymous_5)
FNDA:1,(anonymous_6)
FNDA:3,(anonymous_7)
FNDA:2,(anonymous_8)
DA:16,4
DA:17,4
DA:18,4
DA:19,4
DA:20,4
DA:21,4
DA:22,4
DA:23,4
DA:24,4
LF:9
LH:9
BRF:0
BRH:0
end_of_record
TN:
SF:src\shared\const\theme.ts
FNF:0
FNH:0
LF:0
LH:0
BRF:0
BRH:0
end_of_record
TN:
SF:src\shared\lib\classNames\classNames.ts
FN:3,classNames
FN:8,(anonymous_1)
FN:9,(anonymous_2)
FNF:3
FNH:3
FNDA:485,classNames
FNDA:540,(anonymous_1)
FNDA:271,(anonymous_2)
DA:4,485
DA:8,540
DA:9,271
LF:3
LH:3
BRDA:3,0,0,1
BRDA:3,1,0,7
BRF:2
BRH:2
end_of_record
TN:
SF:src\shared\lib\components\AnimationProvider\AnimationProvider.tsx
FN:16,(anonymous_0)
FN:21,(anonymous_1)
FN:23,(anonymous_2)
FN:28,(anonymous_3)
FN:29,(anonymous_4)
FN:36,(anonymous_5)
FNF:6
FNH:0
FNDA:0,(anonymous_0)
FNDA:0,(anonymous_1)
FNDA:0,(anonymous_2)
FNDA:0,(anonymous_3)
FNDA:0,(anonymous_4)
FNDA:0,(anonymous_5)
DA:14,1
DA:16,1
DA:21,1
DA:23,1
DA:24,0
DA:25,0
DA:26,0
DA:28,0
DA:29,0
DA:30,0
DA:31,0
DA:32,0
DA:36,0
DA:42,0
LF:14
LH:4
BRF:0
BRH:0
end_of_record
TN:
SF:src\shared\lib\components\AnimationProvider\index.ts
FNF:0
FNH:0
LF:0
LH:0
BRF:0
BRH:0
end_of_record
TN:
SF:src\shared\lib\components\DynamicModuleLoader\DynamicModuleLoader.tsx
FN:16,(anonymous_0)
FN:23,(anonymous_1)
FN:24,(anonymous_2)
FN:33,(anonymous_3)
FN:34,(anonymous_4)
FNF:5
FNH:5
FNDA:30,(anonymous_0)
FNDA:5,(anonymous_1)
FNDA:5,(anonymous_2)
FNDA:5,(anonymous_3)
FNDA:5,(anonymous_4)
DA:16,4
DA:19,30
DA:20,30
DA:21,30
DA:23,30
DA:24,5
DA:25,5
DA:27,5
DA:28,1
DA:29,1
DA:33,5
DA:34,5
DA:35,5
DA:36,5
DA:37,5
DA:44,30
LF:16
LH:16
BRDA:18,0,0,0
BRDA:27,1,0,1
BRDA:27,1,1,4
BRDA:35,2,0,5
BRDA:35,2,1,0
BRF:5
BRH:3
end_of_record
TN:
SF:src\shared\lib\context\ThemeContext.ts
FNF:0
FNH:0
DA:9,2
LF:1
LH:1
BRF:0
BRH:0
end_of_record
TN:
SF:src\shared\lib\hooks\useAppDispatch\useAppDispatch.ts
FNF:0
FNH:0
DA:4,8
LF:1
LH:1
BRF:0
BRH:0
end_of_record
TN:
SF:src\shared\lib\hooks\useInfinityScroll\useInfinityScroll.ts
FN:9,useInfinityScroll
FN:10,(anonymous_1)
FN:22,(anonymous_2)
FN:31,(anonymous_3)
FNF:4
FNH:3
FNDA:4,useInfinityScroll
FNDA:4,(anonymous_1)
FNDA:0,(anonymous_2)
FNDA:4,(anonymous_3)
DA:10,4
DA:11,4
DA:12,4
DA:13,4
DA:15,4
DA:16,4
DA:22,4
DA:23,0
DA:24,0
DA:28,4
DA:31,4
DA:32,4
DA:34,4
LF:13
LH:11
BRDA:15,0,0,4
BRDA:15,0,1,0
BRDA:23,1,0,0
BRDA:23,1,1,0
BRDA:32,2,0,4
BRDA:32,2,1,0
BRDA:32,3,0,4
BRDA:32,3,1,4
BRF:8
BRH:4
end_of_record
TN:
SF:src\shared\lib\hooks\useInitialEffect\useInitialEffect.ts
FN:3,(anonymous_0)
FN:5,(anonymous_1)
FNF:2
FNH:2
FNDA:34,(anonymous_0)
FNDA:9,(anonymous_1)
DA:3,2
DA:4,34
DA:6,9
DA:7,0
LF:4
LH:3
BRDA:6,0,0,0
BRDA:6,0,1,9
BRDA:6,1,0,9
BRDA:6,1,1,9
BRF:4
BRH:3
end_of_record
TN:
SF:src\shared\lib\hooks\useModal\useModal.ts
FN:11,useModal
FN:20,(anonymous_1)
FN:26,(anonymous_2)
FN:29,(anonymous_3)
FN:37,(anonymous_4)
FN:43,(anonymous_5)
FN:48,(anonymous_6)
FNF:7
FNH:0
FNDA:0,useModal
FNDA:0,(anonymous_1)
FNDA:0,(anonymous_2)
FNDA:0,(anonymous_3)
FNDA:0,(anonymous_4)
FNDA:0,(anonymous_5)
FNDA:0,(anonymous_6)
DA:14,0
DA:16,0
DA:17,0
DA:18,0
DA:20,0
DA:21,0
DA:22,0
DA:26,0
DA:27,0
DA:28,0
DA:29,0
DA:30,0
DA:31,0
DA:37,0
DA:38,0
DA:39,0
DA:43,0
DA:44,0
DA:45,0
DA:48,0
DA:49,0
DA:50,0
DA:54,0
LF:23
LH:0
BRDA:21,0,0,0
BRDA:21,0,1,0
BRDA:27,1,0,0
BRDA:27,1,1,0
BRDA:38,2,0,0
BRDA:38,2,1,0
BRDA:44,3,0,0
BRDA:44,3,1,0
BRF:8
BRH:0
end_of_record
TN:
SF:src\shared\lib\hooks\useTheme\useTheme.ts
FN:11,useTheme
FN:14,(anonymous_1)
FNF:2
FNH:1
FNDA:2,useTheme
FNDA:0,(anonymous_1)
DA:12,2
DA:14,2
DA:17,0
DA:19,0
DA:20,0
DA:22,0
DA:23,0
DA:25,0
DA:26,0
DA:28,0
DA:31,0
DA:32,0
DA:35,2
LF:13
LH:3
BRDA:17,0,0,0
BRDA:17,0,1,0
BRDA:17,0,2,0
BRDA:17,0,3,0
BRDA:36,1,0,2
BRDA:36,1,1,2
BRF:6
BRH:2
end_of_record
TN:
SF:src\shared\lib\hooks\useThrottle\useThrottle.ts
FN:3,(anonymous_0)
FN:6,(anonymous_1)
FN:11,(anonymous_2)
FNF:3
FNH:1
FNDA:4,(anonymous_0)
FNDA:0,(anonymous_1)
FNDA:0,(anonymous_2)
DA:3,1
DA:4,4
DA:6,4
DA:7,0
DA:8,0
DA:9,0
DA:11,0
DA:12,0
LF:8
LH:3
BRDA:7,0,0,0
BRDA:7,0,1,0
BRF:2
BRH:0
end_of_record
TN:
SF:src\shared\lib\store\buildSelector.ts
FN:7,buildSelector
FN:8,(anonymous_1)
FNF:2
FNH:1
FNDA:9,buildSelector
FNDA:0,(anonymous_1)
DA:8,9
DA:9,0
DA:12,9
LF:3
LH:2
BRF:0
BRH:0
end_of_record
TN:
SF:src\shared\lib\store\buildSlice.ts
FN:7,buildSlice
FN:16,(anonymous_1)
FN:20,(anonymous_2)
FNF:3
FNH:1
FNDA:5,buildSlice
FNDA:0,(anonymous_1)
FNDA:0,(anonymous_2)
DA:14,5
DA:16,5
DA:17,0
DA:20,0
DA:23,5
LF:5
LH:3
BRF:0
BRH:0
end_of_record
TN:
SF:src\shared\lib\store\index.ts
FNF:0
FNH:0
LF:0
LH:0
BRF:0
BRH:0
end_of_record
TN:
SF:src\shared\lib\tests\TestAsyncThunk\TestAsyncThunk.ts
FN:22,(anonymous_0)
FN:25,(anonymous_1)
FN:30,(anonymous_2)
FNF:3
FNH:3
FNDA:10,(anonymous_0)
FNDA:12,(anonymous_1)
FNDA:10,(anonymous_2)
DA:8,4
DA:9,4
DA:23,10
DA:24,10
DA:25,12
DA:26,10
DA:27,10
DA:31,10
DA:32,10
DA:34,10
LF:10
LH:10
BRF:0
BRH:0
end_of_record
TN:
SF:src\shared\lib\tests\componentRender\componentRender.tsx
FN:15,componentRender
FNF:1
FNH:1
FNDA:12,componentRender
DA:20,12
DA:22,12
LF:2
LH:2
BRDA:17,0,0,6
BRDA:20,1,0,12
BRDA:20,1,1,2
BRF:3
BRH:3
end_of_record
TN:
SF:src\shared\lib\url\addQueryParams\addQueryParams.ts
FN:1,(anonymous_0)
FN:3,(anonymous_1)
FN:11,(anonymous_2)
FNF:3
FNH:2
FNDA:3,(anonymous_0)
FNDA:5,(anonymous_1)
FNDA:0,(anonymous_2)
DA:1,2
DA:2,3
DA:3,3
DA:4,5
DA:5,4
DA:8,3
DA:11,2
DA:12,0
LF:8
LH:7
BRDA:4,0,0,4
BRDA:4,0,1,1
BRDA:4,1,0,5
BRDA:4,1,1,4
BRF:4
BRH:4
end_of_record
TN:
SF:src\shared\ui\AppImage\AppImage.tsx
FN:11,(anonymous_0)
FN:23,(anonymous_1)
FN:26,(anonymous_2)
FN:29,(anonymous_3)
FNF:4
FNH:0
FNDA:0,(anonymous_0)
FNDA:0,(anonymous_1)
FNDA:0,(anonymous_2)
FNDA:0,(anonymous_3)
DA:11,4
DA:19,0
DA:20,0
DA:21,0
DA:23,0
DA:24,0
DA:25,0
DA:26,0
DA:27,0
DA:29,0
DA:30,0
DA:31,0
DA:35,0
DA:36,0
DA:39,0
DA:40,0
DA:43,0
LF:17
LH:1
BRDA:15,0,0,0
BRDA:25,1,0,0
BRDA:25,1,1,0
BRDA:35,2,0,0
BRDA:35,2,1,0
BRDA:35,3,0,0
BRDA:35,3,1,0
BRDA:39,4,0,0
BRDA:39,4,1,0
BRDA:39,5,0,0
BRDA:39,5,1,0
BRF:11
BRH:0
end_of_record
TN:
SF:src\shared\ui\AppImage\index.ts
FNF:0
FNH:0
LF:0
LH:0
BRF:0
BRH:0
end_of_record
TN:
SF:src\shared\ui\AppLink\AppLink.tsx
FN:18,(anonymous_0)
FNF:1
FNH:1
FNDA:6,(anonymous_0)
DA:18,11
DA:25,6
DA:27,6
LF:3
LH:3
BRDA:23,0,0,0
BRF:1
BRH:0
end_of_record
TN:
SF:src\shared\ui\AppLink\index.ts
FNF:0
FNH:0
LF:0
LH:0
BRF:0
BRH:0
end_of_record
TN:
SF:src\shared\ui\Avatar\Avatar.tsx
FN:17,(anonymous_0)
FN:21,(anonymous_1)
FNF:2
FNH:0
FNDA:0,(anonymous_0)
FNDA:0,(anonymous_1)
DA:17,4
DA:20,0
DA:21,0
DA:26,0
DA:28,0
LF:5
LH:1
BRDA:22,0,0,0
BRDA:22,0,1,0
BRDA:23,1,0,0
BRDA:23,1,1,0
BRDA:33,2,0,0
BRDA:33,2,1,0
BRF:6
BRH:0
end_of_record
TN:
SF:src\shared\ui\Avatar\index.ts
FNF:0
FNH:0
LF:0
LH:0
BRF:0
BRH:0
end_of_record
TN:
SF:src\shared\ui\Button\Button.tsx
FN:32,(anonymous_0)
FNF:1
FNH:1
FNDA:53,(anonymous_0)
DA:32,12
DA:42,53
DA:44,53
DA:52,53
LF:4
LH:4
BRDA:36,0,0,27
BRDA:39,1,0,50
BRF:2
BRH:2
end_of_record
TN:
SF:src\shared\ui\Button\index.ts
FNF:0
FNH:0
LF:0
LH:0
BRF:0
BRH:0
end_of_record
TN:
SF:src\shared\ui\Card\Card.tsx
FN:17,(anonymous_0)
FNF:1
FNH:0
FNDA:0,(anonymous_0)
DA:17,3
DA:24,0
DA:26,0
LF:3
LH:1
BRDA:21,0,0,0
BRF:1
BRH:0
end_of_record
TN:
SF:src\shared\ui\Card\index.ts
FNF:0
FNH:0
LF:0
LH:0
BRF:0
BRH:0
end_of_record
TN:
SF:src\shared\ui\Code\Code.tsx
FN:12,(anonymous_0)
FN:13,(anonymous_1)
FNF:2
FNH:0
FNDA:0,(anonymous_0)
FNDA:0,(anonymous_1)
DA:12,2
DA:13,0
DA:14,0
DA:17,0
LF:4
LH:1
BRF:0
BRH:0
end_of_record
TN:
SF:src\shared\ui\Code\index.ts
FNF:0
FNH:0
LF:0
LH:0
BRF:0
BRH:0
end_of_record
TN:
SF:src\shared\ui\Drawer\Drawer.tsx
FN:20,(anonymous_0)
FN:30,(anonymous_1)
FN:32,(anonymous_2)
FN:36,(anonymous_3)
FN:45,(anonymous_4)
FN:52,(anonymous_5)
FN:72,(anonymous_6)
FN:80,(anonymous_7)
FN:98,(anonymous_8)
FNF:9
FNH:0
FNDA:0,(anonymous_0)
FNDA:0,(anonymous_1)
FNDA:0,(anonymous_2)
FNDA:0,(anonymous_3)
FNDA:0,(anonymous_4)
FNDA:0,(anonymous_5)
FNDA:0,(anonymous_6)
FNDA:0,(anonymous_7)
FNDA:0,(anonymous_8)
DA:18,1
DA:20,1
DA:26,0
DA:27,0
DA:28,0
DA:30,0
DA:32,0
DA:33,0
DA:36,0
DA:37,0
DA:45,0
DA:46,0
DA:47,0
DA:51,0
DA:59,0
DA:61,0
DA:62,0
DA:63,0
DA:65,0
DA:68,0
DA:72,0
DA:76,0
DA:77,0
DA:80,0
DA:82,0
DA:98,1
DA:99,0
DA:101,0
DA:102,0
DA:105,0
LF:30
LH:3
BRDA:36,0,0,0
BRDA:46,1,0,0
BRDA:46,1,1,0
BRDA:59,2,0,0
BRDA:59,2,1,0
BRDA:61,3,0,0
BRDA:61,3,1,0
BRDA:62,4,0,0
BRDA:62,4,1,0
BRDA:62,5,0,0
BRDA:62,5,1,0
BRDA:62,5,2,0
BRDA:76,6,0,0
BRDA:76,6,1,0
BRDA:80,7,0,0
BRDA:80,7,1,0
BRDA:101,8,0,0
BRDA:101,8,1,0
BRF:18
BRH:0
end_of_record
TN:
SF:src\shared\ui\Drawer\index.ts
FNF:0
FNH:0
LF:0
LH:0
BRF:0
BRH:0
end_of_record
TN:
SF:src\shared\ui\Icon\Icon.tsx
FN:11,(anonymous_0)
FNF:1
FNH:0
FNDA:0,(anonymous_0)
DA:11,4
DA:14,0
LF:2
LH:1
BRDA:15,0,0,0
BRDA:15,0,1,0
BRF:2
BRH:0
end_of_record
TN:
SF:src\shared\ui\Icon\index.ts
FNF:0
FNH:0
LF:0
LH:0
BRF:0
BRH:0
end_of_record
TN:
SF:src\shared\ui\Input\Input.tsx
FN:17,(anonymous_0)
FN:32,(anonymous_1)
FN:39,(anonymous_2)
FN:44,(anonymous_3)
FN:48,(anonymous_4)
FN:52,(anonymous_5)
FNF:6
FNH:6
FNDA:120,(anonymous_0)
FNDA:42,(anonymous_1)
FNDA:15,(anonymous_2)
FNDA:6,(anonymous_3)
FNDA:6,(anonymous_4)
FNDA:15,(anonymous_5)
DA:17,2
DA:27,120
DA:28,120
DA:29,120
DA:30,120
DA:32,120
DA:33,42
DA:34,0
DA:35,0
DA:39,120
DA:40,15
DA:41,15
DA:44,120
DA:45,6
DA:48,120
DA:49,6
DA:52,120
DA:53,15
DA:56,120
DA:58,120
DA:62,120
LF:21
LH:19
BRDA:22,0,0,120
BRDA:33,1,0,0
BRDA:33,1,1,42
BRDA:53,2,0,15
BRDA:53,2,1,2
BRDA:56,3,0,120
BRDA:56,3,1,36
BRDA:64,4,0,120
BRDA:64,4,1,120
BRDA:82,5,0,120
BRDA:82,5,1,36
BRF:11
BRH:10
end_of_record
TN:
SF:src\shared\ui\Input\index.ts
FNF:0
FNH:0
LF:0
LH:0
BRF:0
BRH:0
end_of_record
TN:
SF:src\shared\ui\Loader\Loader.tsx
FN:8,(anonymous_0)
FNF:1
FNH:1
FNDA:6,(anonymous_0)
DA:8,2
DA:9,6
LF:2
LH:2
BRF:0
BRH:0
end_of_record
TN:
SF:src\shared\ui\Loader\index.ts
FNF:0
FNH:0
LF:0
LH:0
BRF:0
BRH:0
end_of_record
TN:
SF:src\shared\ui\Modal\Modal.tsx
FN:19,(anonymous_0)
FNF:1
FNH:0
FNDA:0,(anonymous_0)
DA:17,1
DA:19,1
DA:26,0
DA:28,0
DA:34,0
DA:36,0
DA:41,0
DA:42,0
DA:45,0
LF:9
LH:2
BRDA:41,0,0,0
BRDA:41,0,1,0
BRDA:41,1,0,0
BRDA:41,1,1,0
BRF:4
BRH:0
end_of_record
TN:
SF:src\shared\ui\Modal\index.ts
FNF:0
FNH:0
LF:0
LH:0
BRF:0
BRH:0
end_of_record
TN:
SF:src\shared\ui\Overlay\Overlay.tsx
FN:10,(anonymous_0)
FNF:1
FNH:0
FNDA:0,(anonymous_0)
DA:10,1
DA:11,0
DA:13,0
LF:3
LH:1
BRF:0
BRH:0
end_of_record
TN:
SF:src\shared\ui\Popups\index.ts
FNF:0
FNH:0
LF:0
LH:0
BRF:0
BRH:0
end_of_record
TN:
SF:src\shared\ui\Popups\styles\consts.ts
FNF:0
FNH:0
DA:4,8
LF:1
LH:1
BRF:0
BRH:0
end_of_record
TN:
SF:src\shared\ui\Popups\ui\Dropdown\Dropdown.tsx
FN:24,(anonymous_0)
FN:36,(anonymous_1)
FN:37,(anonymous_2)
FNF:3
FNH:0
FNDA:0,(anonymous_0)
FNDA:0,(anonymous_1)
FNDA:0,(anonymous_2)
DA:24,8
DA:27,0
DA:29,0
DA:37,0
DA:38,0
DA:47,0
DA:48,0
DA:55,0
LF:8
LH:1
BRDA:26,0,0,0
BRDA:47,1,0,0
BRDA:47,1,1,0
BRF:3
BRH:0
end_of_record
TN:
SF:src\shared\ui\Popups\ui\Listbox\Listbox.tsx
FN:30,(anonymous_0)
FN:53,(anonymous_1)
FN:60,(anonymous_2)
FNF:3
FNH:2
FNDA:26,(anonymous_0)
FNDA:104,(anonymous_1)
FNDA:0,(anonymous_2)
DA:30,8
DA:33,26
DA:35,26
DA:54,104
DA:61,0
LF:5
LH:4
BRDA:32,0,0,0
BRDA:37,1,0,26
BRDA:37,1,1,26
BRDA:48,2,0,26
BRDA:48,2,1,4
BRDA:65,3,0,0
BRDA:65,3,1,0
BRF:7
BRH:4
end_of_record
TN:
SF:src\shared\ui\Popups\ui\Popover\Popover.tsx
FN:16,(anonymous_0)
FNF:1
FNH:0
FNDA:0,(anonymous_0)
DA:16,8
DA:19,0
DA:21,0
DA:23,0
LF:4
LH:1
BRDA:18,0,0,0
BRF:1
BRH:0
end_of_record
TN:
SF:src\shared\ui\Portal\Portal.tsx
FN:9,(anonymous_0)
FNF:1
FNH:0
FNDA:0,(anonymous_0)
DA:9,1
DA:13,0
DA:15,0
LF:3
LH:1
BRDA:12,0,0,0
BRF:1
BRH:0
end_of_record
TN:
SF:src\shared\ui\Skeleton\Skeleton.tsx
FN:12,(anonymous_0)
FNF:1
FNH:1
FNDA:1,(anonymous_0)
DA:12,4
DA:15,1
DA:17,1
DA:23,1
LF:4
LH:4
BRF:0
BRH:0
end_of_record
TN:
SF:src\shared\ui\Skeleton\index.ts
FNF:0
FNH:0
LF:0
LH:0
BRF:0
BRH:0
end_of_record
TN:
SF:src\shared\ui\Stack\index.ts
FNF:0
FNH:0
LF:0
LH:0
BRF:0
BRH:0
end_of_record
TN:
SF:src\shared\ui\Stack\Flex\Flex.tsx
FN:45,(anonymous_0)
FNF:1
FNH:1
FNDA:106,(anonymous_0)
DA:10,11
DA:17,11
DA:23,11
DA:28,11
DA:45,11
DA:55,106
DA:57,106
DA:65,106
DA:69,106
LF:9
LH:9
BRDA:49,0,0,92
BRDA:50,1,0,45
BRDA:51,2,0,0
BRDA:62,3,0,106
BRDA:62,3,1,92
BRF:5
BRH:4
end_of_record
TN:
SF:src\shared\ui\Stack\HStack\HStack.tsx
FN:5,(anonymous_0)
FNF:1
FNH:1
FNDA:45,(anonymous_0)
DA:5,11
DA:6,45
LF:2
LH:2
BRF:0
BRH:0
end_of_record
TN:
SF:src\shared\ui\Stack\VStack\VStack.tsx
FN:5,(anonymous_0)
FNF:1
FNH:1
FNDA:61,(anonymous_0)
DA:5,11
DA:6,61
DA:7,61
LF:3
LH:3
BRDA:6,0,0,61
BRF:1
BRH:1
end_of_record
TN:
SF:src\shared\ui\StarRating\StarRating.tsx
FN:16,(anonymous_0)
FN:22,(anonymous_1)
FN:22,(anonymous_2)
FN:28,(anonymous_3)
FN:34,(anonymous_4)
FN:34,(anonymous_5)
FN:44,(anonymous_6)
FNF:7
FNH:0
FNDA:0,(anonymous_0)
FNDA:0,(anonymous_1)
FNDA:0,(anonymous_2)
FNDA:0,(anonymous_3)
FNDA:0,(anonymous_4)
FNDA:0,(anonymous_5)
FNDA:0,(anonymous_6)
DA:14,1
DA:16,1
DA:19,0
DA:20,0
DA:22,0
DA:23,0
DA:24,0
DA:28,0
DA:29,0
DA:30,0
DA:34,0
DA:35,0
DA:36,0
DA:37,0
DA:38,0
DA:42,0
DA:45,0
LF:17
LH:2
BRDA:17,0,0,0
BRDA:17,1,0,0
BRDA:23,2,0,0
BRDA:23,2,1,0
BRDA:29,3,0,0
BRDA:29,3,1,0
BRDA:35,4,0,0
BRDA:35,4,1,0
BRDA:48,5,0,0
BRDA:48,5,1,0
BRF:10
BRH:0
end_of_record
TN:
SF:src\shared\ui\StarRating\index.ts
FNF:0
FNH:0
LF:0
LH:0
BRF:0
BRH:0
end_of_record
TN:
SF:src\shared\ui\Text\Text.tsx
FN:33,(anonymous_0)
FNF:1
FNH:1
FNDA:6,(anonymous_0)
DA:33,4
DA:42,6
DA:44,6
LF:3
LH:3
BRDA:38,0,0,5
BRDA:39,1,0,6
BRDA:40,2,0,6
BRDA:41,3,0,5
BRDA:46,4,0,6
BRDA:46,4,1,5
BRDA:47,5,0,6
BRDA:47,5,1,1
BRF:8
BRH:8
end_of_record
TN:
SF:src\shared\ui\Text\index.ts
FNF:0
FNH:0
LF:0
LH:0
BRF:0
BRH:0
end_of_record
TN:
SF:src\widgets\Page\index.ts
FNF:0
FNH:0
LF:0
LH:0
BRF:0
BRH:0
end_of_record
TN:
SF:src\widgets\Page\ui\Page.tsx
FN:24,(anonymous_0)
FN:32,(anonymous_1)
FN:37,(anonymous_2)
FN:42,(anonymous_3)
FN:45,(anonymous_4)
FNF:5
FNH:2
FNDA:5,(anonymous_0)
FNDA:11,(anonymous_1)
FNDA:0,(anonymous_2)
FNDA:0,(anonymous_3)
FNDA:0,(anonymous_4)
DA:22,1
DA:24,1
DA:25,5
DA:27,4
DA:28,4
DA:29,4
DA:30,4
DA:32,11
DA:34,4
DA:38,0
DA:42,4
DA:43,0
DA:45,4
DA:46,0
DA:52,4
LF:15
LH:12
BRDA:58,0,0,4
BRDA:58,0,1,0
BRF:2
BRH:1
end_of_record
TN:
SF:src\widgets\PageLoader\index.ts
FNF:0
FNH:0
LF:0
LH:0
BRF:0
BRH:0
end_of_record
TN:
SF:src\widgets\PageLoader\ui\PageLoader.tsx
FN:9,(anonymous_0)
FNF:1
FNH:1
FNDA:4,(anonymous_0)
DA:9,1
DA:10,4
LF:2
LH:2
BRF:0
BRH:0
end_of_record
TN:
SF:src\widgets\Sidebar\model\selectors\getSidebarItems.ts
FN:14,(anonymous_0)
FNF:1
FNH:1
FNDA:1,(anonymous_0)
DA:12,1
DA:15,1
DA:28,1
DA:29,0
DA:45,1
LF:5
LH:4
BRDA:28,0,0,0
BRDA:28,0,1,1
BRF:2
BRH:1
end_of_record
TN:
SF:src\widgets\Sidebar\ui\Sidebar\Sidebar.tsx
FN:16,(anonymous_0)
FN:21,(anonymous_1)
FN:22,(anonymous_2)
FN:42,(anonymous_3)
FNF:4
FNH:4
FNDA:3,(anonymous_0)
FNDA:1,(anonymous_1)
FNDA:1,(anonymous_2)
FNDA:6,(anonymous_3)
DA:16,1
DA:17,3
DA:19,3
DA:21,3
DA:22,1
DA:25,3
DA:43,6
LF:7
LH:7
BRDA:38,0,0,1
BRDA:38,0,1,2
BRF:2
BRH:2
end_of_record
TN:
SF:src\widgets\Sidebar\ui\SidebarItem\SidebarItem.tsx
FN:15,(anonymous_0)
FNF:1
FNH:1
FNDA:6,(anonymous_0)
DA:15,1
DA:16,6
DA:17,6
DA:19,6
DA:20,0
DA:23,6
LF:6
LH:5
BRDA:19,0,0,0
BRDA:19,0,1,6
BRDA:19,1,0,6
BRDA:19,1,1,0
BRF:4
BRH:2
end_of_record
